[13:52:02] [main/INFO] [LaunchWrapper]: Loading tweak class name net.minecraftforge.fml.common.launcher.FMLTweaker
[13:52:02] [main/INFO] [LaunchWrapper]: Using primary tweak class name net.minecraftforge.fml.common.launcher.FMLTweaker
[13:52:02] [main/INFO] [LaunchWrapper]: Calling tweak class net.minecraftforge.fml.common.launcher.FMLTweaker
[13:52:03] [main/DEBUG] [FML]: Injecting tracing printstreams for STDOUT/STDERR.
[13:52:03] [main/INFO] [FML]: Forge Mod Loader version 14.23.5.2855 for Minecraft 1.12.2 loading
[13:52:03] [main/INFO] [FML]: Java is OpenJDK 64-Bit Server VM, version 1.8.0_242, running on Mac OS X:x86_64:10.16, installed at /Users/tristanpoland/Library/Application Support/gdlauncher_next/java/8u242-b08
[13:52:03] [main/DEBUG] [FML]: Java classpath at launch is:
[13:52:03] [main/DEBUG] [FML]:     /Users/tristanpoland/Library/Application Support/gdlauncher_next/datastore/libraries/net/minecraftforge/forge/1.12.2-14.23.5.2855/forge-1.12.2-14.23.5.2855.jar
[13:52:03] [main/DEBUG] [FML]:     /Users/tristanpoland/Library/Application Support/gdlauncher_next/datastore/libraries/org/ow2/asm/asm-debug-all/5.2/asm-debug-all-5.2.jar
[13:52:03] [main/DEBUG] [FML]:     /Users/tristanpoland/Library/Application Support/gdlauncher_next/datastore/libraries/net/minecraft/launchwrapper/1.12/launchwrapper-1.12.jar
[13:52:03] [main/DEBUG] [FML]:     /Users/tristanpoland/Library/Application Support/gdlauncher_next/datastore/libraries/org/jline/jline/3.5.1/jline-3.5.1.jar
[13:52:03] [main/DEBUG] [FML]:     /Users/tristanpoland/Library/Application Support/gdlauncher_next/datastore/libraries/com/typesafe/akka/akka-actor_2.11/2.3.3/akka-actor_2.11-2.3.3.jar
[13:52:03] [main/DEBUG] [FML]:     /Users/tristanpoland/Library/Application Support/gdlauncher_next/datastore/libraries/com/typesafe/config/1.2.1/config-1.2.1.jar
[13:52:03] [main/DEBUG] [FML]:     /Users/tristanpoland/Library/Application Support/gdlauncher_next/datastore/libraries/org/scala-lang/scala-actors-migration_2.11/1.1.0/scala-actors-migration_2.11-1.1.0.jar
[13:52:03] [main/DEBUG] [FML]:     /Users/tristanpoland/Library/Application Support/gdlauncher_next/datastore/libraries/org/scala-lang/scala-compiler/2.11.1/scala-compiler-2.11.1.jar
[13:52:03] [main/DEBUG] [FML]:     /Users/tristanpoland/Library/Application Support/gdlauncher_next/datastore/libraries/org/scala-lang/plugins/scala-continuations-library_2.11/1.0.2_mc/scala-continuations-library_2.11-1.0.2_mc.jar
[13:52:03] [main/DEBUG] [FML]:     /Users/tristanpoland/Library/Application Support/gdlauncher_next/datastore/libraries/org/scala-lang/plugins/scala-continuations-plugin_2.11.1/1.0.2_mc/scala-continuations-plugin_2.11.1-1.0.2_mc.jar
[13:52:03] [main/DEBUG] [FML]:     /Users/tristanpoland/Library/Application Support/gdlauncher_next/datastore/libraries/org/scala-lang/scala-library/2.11.1/scala-library-2.11.1.jar
[13:52:03] [main/DEBUG] [FML]:     /Users/tristanpoland/Library/Application Support/gdlauncher_next/datastore/libraries/org/scala-lang/scala-parser-combinators_2.11/1.0.1/scala-parser-combinators_2.11-1.0.1.jar
[13:52:03] [main/DEBUG] [FML]:     /Users/tristanpoland/Library/Application Support/gdlauncher_next/datastore/libraries/org/scala-lang/scala-reflect/2.11.1/scala-reflect-2.11.1.jar
[13:52:03] [main/DEBUG] [FML]:     /Users/tristanpoland/Library/Application Support/gdlauncher_next/datastore/libraries/org/scala-lang/scala-swing_2.11/1.0.1/scala-swing_2.11-1.0.1.jar
[13:52:03] [main/DEBUG] [FML]:     /Users/tristanpoland/Library/Application Support/gdlauncher_next/datastore/libraries/org/scala-lang/scala-xml_2.11/1.0.2/scala-xml_2.11-1.0.2.jar
[13:52:03] [main/DEBUG] [FML]:     /Users/tristanpoland/Library/Application Support/gdlauncher_next/datastore/libraries/lzma/lzma/0.0.1/lzma-0.0.1.jar
[13:52:03] [main/DEBUG] [FML]:     /Users/tristanpoland/Library/Application Support/gdlauncher_next/datastore/libraries/java3d/vecmath/1.5.2/vecmath-1.5.2.jar
[13:52:03] [main/DEBUG] [FML]:     /Users/tristanpoland/Library/Application Support/gdlauncher_next/datastore/libraries/net/sf/trove4j/trove4j/3.0.3/trove4j-3.0.3.jar
[13:52:03] [main/DEBUG] [FML]:     /Users/tristanpoland/Library/Application Support/gdlauncher_next/datastore/libraries/org/apache/maven/maven-artifact/3.5.3/maven-artifact-3.5.3.jar
[13:52:03] [main/DEBUG] [FML]:     /Users/tristanpoland/Library/Application Support/gdlauncher_next/datastore/libraries/net/sf/jopt-simple/jopt-simple/5.0.3/jopt-simple-5.0.3.jar
[13:52:03] [main/DEBUG] [FML]:     /Users/tristanpoland/Library/Application Support/gdlauncher_next/datastore/libraries/com/mojang/patchy/1.1/patchy-1.1.jar
[13:52:03] [main/DEBUG] [FML]:     /Users/tristanpoland/Library/Application Support/gdlauncher_next/datastore/libraries/oshi-project/oshi-core/1.1/oshi-core-1.1.jar
[13:52:03] [main/DEBUG] [FML]:     /Users/tristanpoland/Library/Application Support/gdlauncher_next/datastore/libraries/net/java/dev/jna/jna/4.4.0/jna-4.4.0.jar
[13:52:03] [main/DEBUG] [FML]:     /Users/tristanpoland/Library/Application Support/gdlauncher_next/datastore/libraries/net/java/dev/jna/platform/3.4.0/platform-3.4.0.jar
[13:52:03] [main/DEBUG] [FML]:     /Users/tristanpoland/Library/Application Support/gdlauncher_next/datastore/libraries/com/ibm/icu/icu4j-core-mojang/51.2/icu4j-core-mojang-51.2.jar
[13:52:03] [main/DEBUG] [FML]:     /Users/tristanpoland/Library/Application Support/gdlauncher_next/datastore/libraries/com/paulscode/codecjorbis/20101023/codecjorbis-20101023.jar
[13:52:03] [main/DEBUG] [FML]:     /Users/tristanpoland/Library/Application Support/gdlauncher_next/datastore/libraries/com/paulscode/codecwav/20101023/codecwav-20101023.jar
[13:52:03] [main/DEBUG] [FML]:     /Users/tristanpoland/Library/Application Support/gdlauncher_next/datastore/libraries/com/paulscode/libraryjavasound/20101123/libraryjavasound-20101123.jar
[13:52:03] [main/DEBUG] [FML]:     /Users/tristanpoland/Library/Application Support/gdlauncher_next/datastore/libraries/com/paulscode/librarylwjglopenal/20100824/librarylwjglopenal-20100824.jar
[13:52:03] [main/DEBUG] [FML]:     /Users/tristanpoland/Library/Application Support/gdlauncher_next/datastore/libraries/com/paulscode/soundsystem/20120107/soundsystem-20120107.jar
[13:52:03] [main/DEBUG] [FML]:     /Users/tristanpoland/Library/Application Support/gdlauncher_next/datastore/libraries/io/netty/netty-all/4.1.9.Final/netty-all-4.1.9.Final.jar
[13:52:03] [main/DEBUG] [FML]:     /Users/tristanpoland/Library/Application Support/gdlauncher_next/datastore/libraries/com/google/guava/guava/21.0/guava-21.0.jar
[13:52:03] [main/DEBUG] [FML]:     /Users/tristanpoland/Library/Application Support/gdlauncher_next/datastore/libraries/org/apache/commons/commons-lang3/3.5/commons-lang3-3.5.jar
[13:52:03] [main/DEBUG] [FML]:     /Users/tristanpoland/Library/Application Support/gdlauncher_next/datastore/libraries/commons-io/commons-io/2.5/commons-io-2.5.jar
[13:52:03] [main/DEBUG] [FML]:     /Users/tristanpoland/Library/Application Support/gdlauncher_next/datastore/libraries/commons-codec/commons-codec/1.10/commons-codec-1.10.jar
[13:52:03] [main/DEBUG] [FML]:     /Users/tristanpoland/Library/Application Support/gdlauncher_next/datastore/libraries/net/java/jinput/jinput/2.0.5/jinput-2.0.5.jar
[13:52:03] [main/DEBUG] [FML]:     /Users/tristanpoland/Library/Application Support/gdlauncher_next/datastore/libraries/net/java/jutils/jutils/1.0.0/jutils-1.0.0.jar
[13:52:03] [main/DEBUG] [FML]:     /Users/tristanpoland/Library/Application Support/gdlauncher_next/datastore/libraries/com/google/code/gson/gson/2.8.0/gson-2.8.0.jar
[13:52:03] [main/DEBUG] [FML]:     /Users/tristanpoland/Library/Application Support/gdlauncher_next/datastore/libraries/com/mojang/authlib/1.5.25/authlib-1.5.25.jar
[13:52:03] [main/DEBUG] [FML]:     /Users/tristanpoland/Library/Application Support/gdlauncher_next/datastore/libraries/com/mojang/realms/1.10.22/realms-1.10.22.jar
[13:52:03] [main/DEBUG] [FML]:     /Users/tristanpoland/Library/Application Support/gdlauncher_next/datastore/libraries/org/apache/commons/commons-compress/1.8.1/commons-compress-1.8.1.jar
[13:52:03] [main/DEBUG] [FML]:     /Users/tristanpoland/Library/Application Support/gdlauncher_next/datastore/libraries/org/apache/httpcomponents/httpclient/4.3.3/httpclient-4.3.3.jar
[13:52:03] [main/DEBUG] [FML]:     /Users/tristanpoland/Library/Application Support/gdlauncher_next/datastore/libraries/commons-logging/commons-logging/1.1.3/commons-logging-1.1.3.jar
[13:52:03] [main/DEBUG] [FML]:     /Users/tristanpoland/Library/Application Support/gdlauncher_next/datastore/libraries/org/apache/httpcomponents/httpcore/4.3.2/httpcore-4.3.2.jar
[13:52:03] [main/DEBUG] [FML]:     /Users/tristanpoland/Library/Application Support/gdlauncher_next/datastore/libraries/it/unimi/dsi/fastutil/7.1.0/fastutil-7.1.0.jar
[13:52:03] [main/DEBUG] [FML]:     /Users/tristanpoland/Library/Application Support/gdlauncher_next/datastore/libraries/org/apache/logging/log4j/log4j-api/2.8.1/log4j-api-2.8.1.jar
[13:52:03] [main/DEBUG] [FML]:     /Users/tristanpoland/Library/Application Support/gdlauncher_next/datastore/libraries/org/apache/logging/log4j/log4j-core/2.8.1/log4j-core-2.8.1.jar
[13:52:03] [main/DEBUG] [FML]:     /Users/tristanpoland/Library/Application Support/gdlauncher_next/datastore/libraries/org/lwjgl/lwjgl/lwjgl/2.9.2-nightly-20140822/lwjgl-2.9.2-nightly-20140822.jar
[13:52:03] [main/DEBUG] [FML]:     /Users/tristanpoland/Library/Application Support/gdlauncher_next/datastore/libraries/org/lwjgl/lwjgl/lwjgl_util/2.9.2-nightly-20140822/lwjgl_util-2.9.2-nightly-20140822.jar
[13:52:03] [main/DEBUG] [FML]:     /Users/tristanpoland/Library/Application Support/gdlauncher_next/datastore/libraries/com/mojang/text2speech/1.10.3/text2speech-1.10.3.jar
[13:52:03] [main/DEBUG] [FML]:     /Users/tristanpoland/Library/Application Support/gdlauncher_next/datastore/libraries/ca/weblite/java-objc-bridge/1.0.0/java-objc-bridge-1.0.0.jar
[13:52:03] [main/DEBUG] [FML]:     /Users/tristanpoland/Library/Application Support/gdlauncher_next/datastore/libraries/net/minecraft/1.12.2.jar
[13:52:03] [main/DEBUG] [FML]: Java library path at launch is:
[13:52:03] [main/DEBUG] [FML]:     /Users/tristanpoland/Library/Application Support/gdlauncher_next/instances/Lost World/natives
[13:52:03] [main/DEBUG] [FML]: Determined Minecraft Libraries Root: /Users/tristanpoland/Library/Application Support/gdlauncher_next/datastore/libraries
[13:52:03] [main/DEBUG] [FML]: Cleaning up mods folder: /Users/tristanpoland/Library/Application Support/gdlauncher_next/instances/Lost World/mods
[13:52:03] [main/DEBUG] [FML]: Examining file: Chunk Pregenerator-V1.12-2.5.0.jar
[13:52:03] [main/DEBUG] [FML]: Examining file: ImmersiveCables-1.12.2-1.3.2.jar
[13:52:03] [main/DEBUG] [FML]: Examining file: Wawla-1.12.2-2.6.275.jar
[13:52:03] [main/DEBUG] [FML]: Examining file: CreativeCore_v1.10.62_mc1.12.2.jar
[13:52:03] [main/DEBUG] [FML]: Examining file: moartinkers-0.6.0.jar
[13:52:03] [main/DEBUG] [FML]: Examining file: Traveler'sDream-Compact-1.12.2-v1.2.jar
[13:52:03] [main/DEBUG] [FML]: Examining file: OpenTerrainGenerator-1.12.2-v9.3.jar
[13:52:03] [main/DEBUG] [FML]: Found existing ContainDep extracted to /Users/tristanpoland/Library/Application Support/gdlauncher_next/instances/Lost World/mods/1.12.2/OTG-Core.jar, skipping extraction
[13:52:03] [main/DEBUG] [FML]: Examining file: LibVulpes-1.12.2-0.4.2-83-universal.jar
[13:52:03] [main/DEBUG] [FML]: Examining file: BiomesOPlenty-1.12.2-7.0.1.2441-universal.jar
[13:52:03] [main/DEBUG] [FML]: Examining file: immersivepetroleum-1.12.2-1.1.10.jar
[13:52:03] [main/DEBUG] [FML]: Examining file: ChunkAnimator-MC1.12-1.2.jar
[13:52:03] [main/DEBUG] [FML]: Examining file: performant-1.12.2-1.10.jar
[13:52:03] [main/DEBUG] [FML]: Examining file: prehistoricspawns-1.1.jar
[13:52:03] [main/DEBUG] [FML]: Examining file: Clumps-3.1.2.jar
[13:52:03] [main/DEBUG] [FML]: Examining file: BNBGamingLib-1.12.2-2.17.6.jar
[13:52:03] [main/DEBUG] [FML]: Examining file: particleculling-1.12.2-v1.0.1.jar
[13:52:03] [main/DEBUG] [FML]: Examining file: DynamicTrees-1.12.2-0.9.24.jar
[13:52:03] [main/DEBUG] [FML]: Examining file: TinkerToolLeveling-1.12.2-1.1.0.jar
[13:52:03] [main/DEBUG] [FML]: Examining file: EnderCore-1.12.2-0.5.76.jar
[13:52:03] [main/DEBUG] [FML]: Found existing ContainedDep META-INF/libraries/EnderCore-1.12.2-0.5.76-core.jar(com.enderio.core:EnderCore:1.12.2-0.5.76:core) from /Users/tristanpoland/Library/Application Support/gdlauncher_next/instances/Lost World/mods/memory_repo/com/enderio/core/EnderCore/1.12.2-0.5.76/EnderCore-1.12.2-0.5.76-core.jar extracted to /Users/tristanpoland/Library/Application Support/gdlauncher_next/instances/Lost World/mods/EnderCore-1.12.2-0.5.76.jar, skipping extraction
[13:52:03] [main/DEBUG] [FML]: Examining file: EnderCore-1.12.2-0.5.76-core.jar
[13:52:03] [main/DEBUG] [FML]: Examining file: konkrete_1.1.6_MC_1.12-1.12.2.jar
[13:52:03] [main/DEBUG] [FML]: Examining file: TConstruct-1.12.2-2.13.0.183.jar
[13:52:03] [main/DEBUG] [FML]: Examining file: fancymenu_2.2.2_MC_1.12-1.12.2.jar
[13:52:03] [main/DEBUG] [FML]: Examining file: Mantle-1.12-1.3.3.55.jar
[13:52:03] [main/DEBUG] [FML]: Examining file: _MixinBootstrap-1.1.0.jar
[13:52:03] [main/DEBUG] [FML]: Examining file: phosphor-1.12.2-0.2.6+build50-universal.jar
[13:52:03] [main/DEBUG] [FML]: Making maven link for me.jellysquid.mods:phosphor:1.12.2-0.2.6+build50 in memory to /Users/tristanpoland/Library/Application Support/gdlauncher_next/instances/Lost World/mods/phosphor-1.12.2-0.2.6+build50-universal.jar.
[13:52:03] [main/DEBUG] [FML]: Examining file: UniversalModCore-1.12.2-forge-1.1.3.jar
[13:52:03] [main/DEBUG] [FML]: Examining file: BiomeColorizer-1.12.2-v1.0.2.jar
[13:52:03] [main/DEBUG] [FML]: Examining file: OreLib-1.12.2-3.6.0.1.jar
[13:52:03] [main/DEBUG] [FML]: Making maven link for org.orecruncher:OreLib:1.12.2-3.6.0.1 in memory to /Users/tristanpoland/Library/Application Support/gdlauncher_next/instances/Lost World/mods/OreLib-1.12.2-3.6.0.1.jar.
[13:52:03] [main/DEBUG] [FML]: Examining file: llibrary-1.7.20-1.12.2.jar
[13:52:03] [main/DEBUG] [FML]: Found existing ContainedDep llibrary-core-1.0.11-1.12.2.jar(net.ilexiconn:llibrary-core:1.0.11-1.12.2) from /Users/tristanpoland/Library/Application Support/gdlauncher_next/instances/Lost World/mods/memory_repo/net/ilexiconn/llibrary-core/1.0.11-1.12.2/llibrary-core-1.0.11-1.12.2.jar extracted to /Users/tristanpoland/Library/Application Support/gdlauncher_next/instances/Lost World/mods/llibrary-1.7.20-1.12.2.jar, skipping extraction
[13:52:03] [main/DEBUG] [FML]: Examining file: llibrary-core-1.0.11-1.12.2.jar
[13:52:03] [main/DEBUG] [FML]: Making maven link for net.ilexiconn:llibrary:1.7.20-1.12.2 in memory to /Users/tristanpoland/Library/Application Support/gdlauncher_next/instances/Lost World/mods/llibrary-1.7.20-1.12.2.jar.
[13:52:03] [main/DEBUG] [FML]: Examining file: Xaeros_Minimap_21.15.0.1_Forge_1.12.jar
[13:52:03] [main/DEBUG] [FML]: Examining file: ToughAsNails-1.12.2-3.1.0.139-universal.jar
[13:52:03] [main/DEBUG] [FML]: Examining file: foamfix-0.10.14-1.12.2.jar
[13:52:03] [main/DEBUG] [FML]: Examining file: CustomStartingGear-1.12-1.2.0.9-universal.jar
[13:52:03] [main/DEBUG] [FML]: Examining file: MixinBootstrap-1.0.5.jar
[13:52:03] [main/DEBUG] [FML]: Examining file: LittleTiles_v1.5.19_mc1.12.2.jar
[13:52:03] [main/DEBUG] [FML]: Examining file: CustomLoadingScreen-1.12.2-1.4.1.jar
[13:52:03] [main/DEBUG] [FML]: Examining file: ImmersiveRailroading-1.12.2-forge-1.9.0.jar
[13:52:03] [main/DEBUG] [FML]: Examining file: TrackAPI-1.2.jar
[13:52:03] [main/DEBUG] [FML]: Examining file: DynamicTreesBOP-1.12.2-1.5.1.jar
[13:52:03] [main/DEBUG] [FML]: Examining file: ImmersiveEngineering-0.12-98.jar
[13:52:03] [main/DEBUG] [FML]: Found existing ContainedDep META-INF/libraries/ImmersiveEngineering-0.12-98-core.jar(blusunrize:ImmersiveEngineering-core:0.12-98) from /Users/tristanpoland/Library/Application Support/gdlauncher_next/instances/Lost World/mods/memory_repo/blusunrize/ImmersiveEngineering-core/0.12-98/ImmersiveEngineering-core-0.12-98.jar extracted to /Users/tristanpoland/Library/Application Support/gdlauncher_next/instances/Lost World/mods/ImmersiveEngineering-0.12-98.jar, skipping extraction
[13:52:03] [main/DEBUG] [FML]: Examining file: ImmersiveEngineering-core-0.12-98.jar
[13:52:03] [main/DEBUG] [FML]: Making maven link for blusunrize:ImmersiveEngineering:0.12-98 in memory to /Users/tristanpoland/Library/Application Support/gdlauncher_next/instances/Lost World/mods/ImmersiveEngineering-0.12-98.jar.
[13:52:03] [main/DEBUG] [FML]: Examining file: EnderIO-1.12.2-5.3.70.jar
[13:52:03] [main/DEBUG] [FML]: Found existing ContainedDep META-INF/libraries/AutoSave-1.12.2-1.0.11.jar(info.loenwind.autosave:AutoSave:1.12.2-1.0.11) from /Users/tristanpoland/Library/Application Support/gdlauncher_next/instances/Lost World/mods/memory_repo/info/loenwind/autosave/AutoSave/1.12.2-1.0.11/AutoSave-1.12.2-1.0.11.jar extracted to /Users/tristanpoland/Library/Application Support/gdlauncher_next/instances/Lost World/mods/EnderIO-1.12.2-5.3.70.jar, skipping extraction
[13:52:03] [main/DEBUG] [FML]: Examining file: AutoSave-1.12.2-1.0.11.jar
[13:52:03] [main/DEBUG] [FML]: Found existing ContainedDep META-INF/libraries/AutoConfig-1.12.2-1.0.2.jar(info.loenwind.autoconfig:AutoConfig:1.12.2-1.0.2) from /Users/tristanpoland/Library/Application Support/gdlauncher_next/instances/Lost World/mods/memory_repo/info/loenwind/autoconfig/AutoConfig/1.12.2-1.0.2/AutoConfig-1.12.2-1.0.2.jar extracted to /Users/tristanpoland/Library/Application Support/gdlauncher_next/instances/Lost World/mods/EnderIO-1.12.2-5.3.70.jar, skipping extraction
[13:52:03] [main/DEBUG] [FML]: Examining file: AutoConfig-1.12.2-1.0.2.jar
[13:52:03] [main/DEBUG] [FML]: Examining file: fossilsarcheology-8.0.5.jar
[13:52:03] [main/DEBUG] [FML]: Examining file: ImmersivePosts-0.2.1.jar
[13:52:03] [main/DEBUG] [FML]: Examining file: BetterFps-1.4.8.jar
[13:52:03] [main/DEBUG] [FML]: Examining file: MCTImmersiveTechnology-1.12.2-1.8.94.jar
[13:52:03] [main/DEBUG] [FML]: Examining file: betterhud-1.12.2-1.4.4.jar
[13:52:03] [main/DEBUG] [FML]: Examining file: Voice Chat Reloaded-1.2.5.jar
[13:52:03] [main/DEBUG] [FML]: Examining file: UndergroundBiomesConstructs-1.12-1.3.8.jar
[13:52:03] [main/DEBUG] [FML]: Examining file: XaerosWorldMap_1.16.0_Forge_1.12.jar
[13:52:03] [main/DEBUG] [FML]: Examining file: DynamicSurroundings-1.12.2-3.6.1.0.jar
[13:52:03] [main/DEBUG] [FML]: Examining file: jei_1.12.2-4.16.1.301.jar
[13:52:03] [main/DEBUG] [FML]: Examining file: CustomBackgrounds-MC1.12-1.1.1.jar
[13:52:03] [main/DEBUG] [FML]: Examining file: Waystones_1.12.2-4.1.0.jar
[13:52:03] [main/DEBUG] [FML]: Examining file: Hwyla-1.8.26-B41_1.12.2.jar
[13:52:03] [main/DEBUG] [FML]: Examining file: EntityCulling-1.12.2-4.1.5.jar
[13:52:03] [main/DEBUG] [FML]: Cleaning up mods folder: /Users/tristanpoland/Library/Application Support/gdlauncher_next/instances/Lost World/mods/1.12.2
[13:52:03] [main/DEBUG] [FML]: Examining file: OTG-Core.jar
[13:52:03] [main/DEBUG] [FML]: File already proccessed /Users/tristanpoland/Library/Application Support/gdlauncher_next/instances/Lost World/mods/memory_repo/com/enderio/core/EnderCore/1.12.2-0.5.76/EnderCore-1.12.2-0.5.76-core.jar, Skipping
[13:52:03] [main/DEBUG] [FML]: File already proccessed /Users/tristanpoland/Library/Application Support/gdlauncher_next/instances/Lost World/mods/phosphor-1.12.2-0.2.6+build50-universal.jar, Skipping
[13:52:03] [main/DEBUG] [FML]: File already proccessed /Users/tristanpoland/Library/Application Support/gdlauncher_next/instances/Lost World/mods/OreLib-1.12.2-3.6.0.1.jar, Skipping
[13:52:03] [main/DEBUG] [FML]: File already proccessed /Users/tristanpoland/Library/Application Support/gdlauncher_next/instances/Lost World/mods/memory_repo/net/ilexiconn/llibrary-core/1.0.11-1.12.2/llibrary-core-1.0.11-1.12.2.jar, Skipping
[13:52:03] [main/DEBUG] [FML]: File already proccessed /Users/tristanpoland/Library/Application Support/gdlauncher_next/instances/Lost World/mods/llibrary-1.7.20-1.12.2.jar, Skipping
[13:52:03] [main/DEBUG] [FML]: File already proccessed /Users/tristanpoland/Library/Application Support/gdlauncher_next/instances/Lost World/mods/memory_repo/blusunrize/ImmersiveEngineering-core/0.12-98/ImmersiveEngineering-core-0.12-98.jar, Skipping
[13:52:03] [main/DEBUG] [FML]: File already proccessed /Users/tristanpoland/Library/Application Support/gdlauncher_next/instances/Lost World/mods/ImmersiveEngineering-0.12-98.jar, Skipping
[13:52:03] [main/DEBUG] [FML]: File already proccessed /Users/tristanpoland/Library/Application Support/gdlauncher_next/instances/Lost World/mods/memory_repo/info/loenwind/autosave/AutoSave/1.12.2-1.0.11/AutoSave-1.12.2-1.0.11.jar, Skipping
[13:52:03] [main/DEBUG] [FML]: File already proccessed /Users/tristanpoland/Library/Application Support/gdlauncher_next/instances/Lost World/mods/memory_repo/info/loenwind/autoconfig/AutoConfig/1.12.2-1.0.2/AutoConfig-1.12.2-1.0.2.jar, Skipping
[13:52:04] [main/DEBUG] [FML]: Enabling runtime deobfuscation
[13:52:04] [main/DEBUG] [FML]: Instantiating coremod class FMLCorePlugin
[13:52:04] [main/DEBUG] [FML]: Found signing certificates for coremod FMLCorePlugin (net.minecraftforge.fml.relauncher.FMLCorePlugin)
[13:52:04] [main/DEBUG] [FML]: Found certificate e3c3d50c7c986df74c645c0ac54639741c90a557
[13:52:04] [main/DEBUG] [FML]: Added access transformer class net.minecraftforge.fml.common.asm.transformers.AccessTransformer to enqueued access transformers
[13:52:04] [main/DEBUG] [FML]: Enqueued coremod FMLCorePlugin
[13:52:04] [main/DEBUG] [FML]: Instantiating coremod class FMLForgePlugin
[13:52:04] [main/DEBUG] [FML]: Found signing certificates for coremod FMLForgePlugin (net.minecraftforge.classloading.FMLForgePlugin)
[13:52:04] [main/DEBUG] [FML]: Found certificate e3c3d50c7c986df74c645c0ac54639741c90a557
[13:52:04] [main/DEBUG] [FML]: Enqueued coremod FMLForgePlugin
[13:52:04] [main/DEBUG] [FML]: All fundamental core mods are successfully located
[13:52:04] [main/DEBUG] [FML]: Discovering coremods
[13:52:04] [main/INFO] [FML]: Searching /Users/tristanpoland/Library/Application Support/gdlauncher_next/instances/Lost World/mods for mods
[13:52:04] [main/DEBUG] [FML]:   Adding Chunk Pregenerator-V1.12-2.5.0.jar to the mod list
[13:52:04] [main/DEBUG] [FML]:   Adding ImmersiveCables-1.12.2-1.3.2.jar to the mod list
[13:52:04] [main/DEBUG] [FML]:   Adding Wawla-1.12.2-2.6.275.jar to the mod list
[13:52:04] [main/DEBUG] [FML]:   Adding CreativeCore_v1.10.62_mc1.12.2.jar to the mod list
[13:52:04] [main/DEBUG] [FML]:   Adding moartinkers-0.6.0.jar to the mod list
[13:52:04] [main/DEBUG] [FML]:   Adding Traveler'sDream-Compact-1.12.2-v1.2.jar to the mod list
[13:52:04] [main/DEBUG] [FML]:   Adding OpenTerrainGenerator-1.12.2-v9.3.jar to the mod list
[13:52:04] [main/DEBUG] [FML]:   Adding LibVulpes-1.12.2-0.4.2-83-universal.jar to the mod list
[13:52:04] [main/DEBUG] [FML]:   Adding BiomesOPlenty-1.12.2-7.0.1.2441-universal.jar to the mod list
[13:52:04] [main/DEBUG] [FML]:   Adding immersivepetroleum-1.12.2-1.1.10.jar to the mod list
[13:52:04] [main/DEBUG] [FML]:   Adding ChunkAnimator-MC1.12-1.2.jar to the mod list
[13:52:04] [main/DEBUG] [FML]:   Adding performant-1.12.2-1.10.jar to the mod list
[13:52:04] [main/DEBUG] [FML]:   Adding prehistoricspawns-1.1.jar to the mod list
[13:52:04] [main/DEBUG] [FML]:   Adding Clumps-3.1.2.jar to the mod list
[13:52:04] [main/DEBUG] [FML]:   Adding BNBGamingLib-1.12.2-2.17.6.jar to the mod list
[13:52:04] [main/DEBUG] [FML]:   Adding particleculling-1.12.2-v1.0.1.jar to the mod list
[13:52:04] [main/DEBUG] [FML]:   Adding DynamicTrees-1.12.2-0.9.24.jar to the mod list
[13:52:04] [main/DEBUG] [FML]:   Adding TinkerToolLeveling-1.12.2-1.1.0.jar to the mod list
[13:52:04] [main/DEBUG] [FML]:   Adding EnderCore-1.12.2-0.5.76.jar to the mod list
[13:52:04] [main/DEBUG] [FML]:   Adding konkrete_1.1.6_MC_1.12-1.12.2.jar to the mod list
[13:52:04] [main/DEBUG] [FML]:   Adding TConstruct-1.12.2-2.13.0.183.jar to the mod list
[13:52:04] [main/DEBUG] [FML]:   Adding fancymenu_2.2.2_MC_1.12-1.12.2.jar to the mod list
[13:52:04] [main/DEBUG] [FML]:   Adding Mantle-1.12-1.3.3.55.jar to the mod list
[13:52:04] [main/DEBUG] [FML]:   Adding _MixinBootstrap-1.1.0.jar to the mod list
[13:52:04] [main/DEBUG] [FML]:   Adding phosphor-1.12.2-0.2.6+build50-universal.jar to the mod list
[13:52:04] [main/DEBUG] [FML]:   Adding UniversalModCore-1.12.2-forge-1.1.3.jar to the mod list
[13:52:04] [main/DEBUG] [FML]:   Adding BiomeColorizer-1.12.2-v1.0.2.jar to the mod list
[13:52:04] [main/DEBUG] [FML]:   Adding OreLib-1.12.2-3.6.0.1.jar to the mod list
[13:52:04] [main/DEBUG] [FML]:   Adding llibrary-1.7.20-1.12.2.jar to the mod list
[13:52:04] [main/DEBUG] [FML]:   Adding Xaeros_Minimap_21.15.0.1_Forge_1.12.jar to the mod list
[13:52:04] [main/DEBUG] [FML]:   Adding ToughAsNails-1.12.2-3.1.0.139-universal.jar to the mod list
[13:52:04] [main/DEBUG] [FML]:   Adding foamfix-0.10.14-1.12.2.jar to the mod list
[13:52:04] [main/DEBUG] [FML]:   Adding CustomStartingGear-1.12-1.2.0.9-universal.jar to the mod list
[13:52:04] [main/DEBUG] [FML]:   Adding MixinBootstrap-1.0.5.jar to the mod list
[13:52:04] [main/DEBUG] [FML]:   Adding LittleTiles_v1.5.19_mc1.12.2.jar to the mod list
[13:52:04] [main/DEBUG] [FML]:   Adding CustomLoadingScreen-1.12.2-1.4.1.jar to the mod list
[13:52:04] [main/DEBUG] [FML]:   Adding ImmersiveRailroading-1.12.2-forge-1.9.0.jar to the mod list
[13:52:04] [main/DEBUG] [FML]:   Adding TrackAPI-1.2.jar to the mod list
[13:52:04] [main/DEBUG] [FML]:   Adding DynamicTreesBOP-1.12.2-1.5.1.jar to the mod list
[13:52:04] [main/DEBUG] [FML]:   Adding ImmersiveEngineering-0.12-98.jar to the mod list
[13:52:04] [main/DEBUG] [FML]:   Adding EnderIO-1.12.2-5.3.70.jar to the mod list
[13:52:04] [main/DEBUG] [FML]:   Adding fossilsarcheology-8.0.5.jar to the mod list
[13:52:04] [main/DEBUG] [FML]:   Adding ImmersivePosts-0.2.1.jar to the mod list
[13:52:04] [main/DEBUG] [FML]:   Adding BetterFps-1.4.8.jar to the mod list
[13:52:04] [main/DEBUG] [FML]:   Adding MCTImmersiveTechnology-1.12.2-1.8.94.jar to the mod list
[13:52:04] [main/DEBUG] [FML]:   Adding betterhud-1.12.2-1.4.4.jar to the mod list
[13:52:04] [main/DEBUG] [FML]:   Adding Voice Chat Reloaded-1.2.5.jar to the mod list
[13:52:04] [main/DEBUG] [FML]:   Adding UndergroundBiomesConstructs-1.12-1.3.8.jar to the mod list
[13:52:04] [main/DEBUG] [FML]:   Adding XaerosWorldMap_1.16.0_Forge_1.12.jar to the mod list
[13:52:04] [main/DEBUG] [FML]:   Adding DynamicSurroundings-1.12.2-3.6.1.0.jar to the mod list
[13:52:04] [main/DEBUG] [FML]:   Adding jei_1.12.2-4.16.1.301.jar to the mod list
[13:52:04] [main/DEBUG] [FML]:   Adding CustomBackgrounds-MC1.12-1.1.1.jar to the mod list
[13:52:04] [main/DEBUG] [FML]:   Adding Waystones_1.12.2-4.1.0.jar to the mod list
[13:52:04] [main/DEBUG] [FML]:   Adding Hwyla-1.8.26-B41_1.12.2.jar to the mod list
[13:52:04] [main/DEBUG] [FML]:   Adding EntityCulling-1.12.2-4.1.5.jar to the mod list
[13:52:04] [main/INFO] [FML]: Searching /Users/tristanpoland/Library/Application Support/gdlauncher_next/instances/Lost World/mods/1.12.2 for mods
[13:52:04] [main/DEBUG] [FML]:   Adding OTG-Core.jar to the mod list
[13:52:04] [main/DEBUG] [FML]: Examining for coremod candidacy _MixinBootstrap-1.1.0.jar
[13:52:04] [main/INFO] [FML]: Loading tweaker org.spongepowered.asm.launch.MixinTweaker from _MixinBootstrap-1.1.0.jar
[13:52:04] [main/DEBUG] [FML]: Examining for coremod candidacy BetterFps-1.4.8.jar
[13:52:04] [main/INFO] [FML]: Loading tweaker guichaguri.betterfps.tweaker.BetterFpsTweaker from BetterFps-1.4.8.jar
[13:52:04] [main/DEBUG] [FML]: Examining for coremod candidacy betterhud-1.12.2-1.4.4.jar
[13:52:04] [main/DEBUG] [FML]: Not found coremod data in betterhud-1.12.2-1.4.4.jar
[13:52:04] [main/DEBUG] [FML]: Examining for coremod candidacy BiomeColorizer-1.12.2-v1.0.2.jar
[13:52:04] [main/DEBUG] [FML]: Not found coremod data in BiomeColorizer-1.12.2-v1.0.2.jar
[13:52:04] [main/DEBUG] [FML]: Examining for coremod candidacy BiomesOPlenty-1.12.2-7.0.1.2441-universal.jar
[13:52:04] [main/DEBUG] [FML]: Not found coremod data in BiomesOPlenty-1.12.2-7.0.1.2441-universal.jar
[13:52:04] [main/DEBUG] [FML]: Examining for coremod candidacy BNBGamingLib-1.12.2-2.17.6.jar
[13:52:04] [main/DEBUG] [FML]: Not found coremod data in BNBGamingLib-1.12.2-2.17.6.jar
[13:52:04] [main/DEBUG] [FML]: Examining for coremod candidacy Chunk Pregenerator-V1.12-2.5.0.jar
[13:52:04] [main/DEBUG] [FML]: Not found coremod data in Chunk Pregenerator-V1.12-2.5.0.jar
[13:52:04] [main/DEBUG] [FML]: Examining for coremod candidacy ChunkAnimator-MC1.12-1.2.jar
[13:52:04] [main/WARN] [FML]: Found FMLCorePluginContainsFMLMod marker in ChunkAnimator-MC1.12-1.2.jar. This is not recommended, @Mods should be in a separate jar from the coremod.
[13:52:04] [main/DEBUG] [FML]: Instantiating coremod class LoadingPlugin
[13:52:04] [main/WARN] [FML]: The coremod lumien.chunkanimator.asm.LoadingPlugin does not have a MCVersion annotation, it may cause issues with this version of Minecraft
[13:52:04] [main/WARN] [FML]: The coremod LoadingPlugin (lumien.chunkanimator.asm.LoadingPlugin) is not signed!
[13:52:04] [main/DEBUG] [FML]: Enqueued coremod LoadingPlugin
[13:52:04] [main/DEBUG] [FML]: Examining for coremod candidacy Clumps-3.1.2.jar
[13:52:04] [main/DEBUG] [FML]: Not found coremod data in Clumps-3.1.2.jar
[13:52:04] [main/DEBUG] [FML]: Examining for coremod candidacy CreativeCore_v1.10.62_mc1.12.2.jar
[13:52:04] [main/WARN] [FML]: Found FMLCorePluginContainsFMLMod marker in CreativeCore_v1.10.62_mc1.12.2.jar. This is not recommended, @Mods should be in a separate jar from the coremod.
[13:52:04] [main/DEBUG] [FML]: Instantiating coremod class CreativePatchingLoader
[13:52:04] [main/WARN] [FML]: The coremod com.creativemd.creativecore.core.CreativePatchingLoader does not have a MCVersion annotation, it may cause issues with this version of Minecraft
[13:52:04] [main/WARN] [FML]: The coremod CreativePatchingLoader (com.creativemd.creativecore.core.CreativePatchingLoader) is not signed!
[13:52:04] [main/DEBUG] [FML]: Enqueued coremod CreativePatchingLoader
[13:52:04] [main/DEBUG] [FML]: Examining for coremod candidacy CustomBackgrounds-MC1.12-1.1.1.jar
[13:52:04] [main/DEBUG] [FML]: Not found coremod data in CustomBackgrounds-MC1.12-1.1.1.jar
[13:52:04] [main/DEBUG] [FML]: Examining for coremod candidacy CustomLoadingScreen-1.12.2-1.4.1.jar
[13:52:04] [main/WARN] [FML]: Found FMLCorePluginContainsFMLMod marker in CustomLoadingScreen-1.12.2-1.4.1.jar. This is not recommended, @Mods should be in a separate jar from the coremod.
[13:52:04] [main/DEBUG] [FML]: Instantiating coremod class ClsPlugin
[13:52:04] [main/DEBUG] [FML]: The coremod alexiil.mc.mod.load.coremod.ClsPlugin requested minecraft version 1.12.2 and minecraft is 1.12.2. It will be loaded.
[13:52:04] [main/WARN] [FML]: The coremod ClsPlugin (alexiil.mc.mod.load.coremod.ClsPlugin) is not signed!
[13:52:04] [main/DEBUG] [FML]: Enqueued coremod ClsPlugin
[13:52:04] [main/DEBUG] [FML]: Examining for coremod candidacy CustomStartingGear-1.12-1.2.0.9-universal.jar
[13:52:04] [main/DEBUG] [FML]: Not found coremod data in CustomStartingGear-1.12-1.2.0.9-universal.jar
[13:52:04] [main/DEBUG] [FML]: Examining for coremod candidacy DynamicSurroundings-1.12.2-3.6.1.0.jar
[13:52:04] [main/INFO] [FML]: Loading tweaker org.spongepowered.asm.launch.MixinTweaker from DynamicSurroundings-1.12.2-3.6.1.0.jar
[13:52:04] [main/DEBUG] [FML]: Examining for coremod candidacy DynamicTrees-1.12.2-0.9.24.jar
[13:52:04] [main/DEBUG] [FML]: Not found coremod data in DynamicTrees-1.12.2-0.9.24.jar
[13:52:04] [main/DEBUG] [FML]: Examining for coremod candidacy DynamicTreesBOP-1.12.2-1.5.1.jar
[13:52:04] [main/DEBUG] [FML]: Not found coremod data in DynamicTreesBOP-1.12.2-1.5.1.jar
[13:52:04] [main/DEBUG] [FML]: Examining for coremod candidacy EnderCore-1.12.2-0.5.76.jar
[13:52:04] [main/DEBUG] [FML]: Not found coremod data in EnderCore-1.12.2-0.5.76.jar
[13:52:04] [main/DEBUG] [FML]: Examining for coremod candidacy EnderIO-1.12.2-5.3.70.jar
[13:52:04] [main/DEBUG] [FML]: Not found coremod data in EnderIO-1.12.2-5.3.70.jar
[13:52:04] [main/DEBUG] [FML]: Examining for coremod candidacy EntityCulling-1.12.2-4.1.5.jar
[13:52:04] [main/WARN] [FML]: Found FMLCorePluginContainsFMLMod marker in EntityCulling-1.12.2-4.1.5.jar. This is not recommended, @Mods should be in a separate jar from the coremod.
[13:52:04] [main/DEBUG] [FML]: Instantiating coremod class EntityCullingPlugin
[13:52:04] [main/DEBUG] [FML]: The coremod meldexun.entityculling.plugin.EntityCullingPlugin requested minecraft version 1.12.2 and minecraft is 1.12.2. It will be loaded.
[13:52:04] [main/WARN] [FML]: The coremod EntityCullingPlugin (meldexun.entityculling.plugin.EntityCullingPlugin) is not signed!
[13:52:04] [main/DEBUG] [FML]: Enqueued coremod EntityCullingPlugin
[13:52:04] [main/DEBUG] [FML]: Examining for coremod candidacy fancymenu_2.2.2_MC_1.12-1.12.2.jar
[13:52:04] [main/INFO] [FML]: Loading tweaker org.spongepowered.asm.launch.MixinTweaker from fancymenu_2.2.2_MC_1.12-1.12.2.jar
[13:52:04] [main/DEBUG] [FML]: Examining for coremod candidacy foamfix-0.10.14-1.12.2.jar
[13:52:04] [main/WARN] [FML]: Found FMLCorePluginContainsFMLMod marker in foamfix-0.10.14-1.12.2.jar. This is not recommended, @Mods should be in a separate jar from the coremod.
[13:52:04] [main/DEBUG] [FML]: Instantiating coremod class FoamFixCore
[13:52:04] [main/TRACE] [FML]: coremod named Do not report to Forge! (If you haven't disabled the FoamFix coremod, try disabling it in the config! Note that this bit of text will still appear.) is loading
[13:52:04] [main/WARN] [FML]: The coremod pl.asie.foamfix.coremod.FoamFixCore does not have a MCVersion annotation, it may cause issues with this version of Minecraft
[13:52:04] [main/DEBUG] [FML]: Found signing certificates for coremod Do not report to Forge! (If you haven't disabled the FoamFix coremod, try disabling it in the config! Note that this bit of text will still appear.) (pl.asie.foamfix.coremod.FoamFixCore)
[13:52:04] [main/DEBUG] [FML]: Found certificate 3481f72e377b0a1989bd38e3f07cf4cf0b626475
[13:52:04] [main/DEBUG] [FML]: Added access transformer class pl.asie.foamfix.coremod.FoamFixAT to enqueued access transformers
[13:52:04] [main/DEBUG] [FML]: Enqueued coremod Do not report to Forge! (If you haven't disabled the FoamFix coremod, try disabling it in the config! Note that this bit of text will still appear.)
[13:52:04] [main/DEBUG] [FML]: Examining for coremod candidacy fossilsarcheology-8.0.5.jar
[13:52:04] [main/DEBUG] [FML]: Not found coremod data in fossilsarcheology-8.0.5.jar
[13:52:04] [main/DEBUG] [FML]: Examining for coremod candidacy Hwyla-1.8.26-B41_1.12.2.jar
[13:52:04] [main/DEBUG] [FML]: Not found coremod data in Hwyla-1.8.26-B41_1.12.2.jar
[13:52:04] [main/DEBUG] [FML]: Examining for coremod candidacy ImmersiveCables-1.12.2-1.3.2.jar
[13:52:04] [main/DEBUG] [FML]: Not found coremod data in ImmersiveCables-1.12.2-1.3.2.jar
[13:52:04] [main/DEBUG] [FML]: Examining for coremod candidacy immersivepetroleum-1.12.2-1.1.10.jar
[13:52:04] [main/DEBUG] [FML]: Not found coremod data in immersivepetroleum-1.12.2-1.1.10.jar
[13:52:04] [main/DEBUG] [FML]: Examining for coremod candidacy ImmersivePosts-0.2.1.jar
[13:52:04] [main/DEBUG] [FML]: Not found coremod data in ImmersivePosts-0.2.1.jar
[13:52:04] [main/DEBUG] [FML]: Examining for coremod candidacy ImmersiveRailroading-1.12.2-forge-1.9.0.jar
[13:52:04] [main/DEBUG] [FML]: Not found coremod data in ImmersiveRailroading-1.12.2-forge-1.9.0.jar
[13:52:04] [main/DEBUG] [FML]: Examining for coremod candidacy jei_1.12.2-4.16.1.301.jar
[13:52:04] [main/DEBUG] [FML]: Not found coremod data in jei_1.12.2-4.16.1.301.jar
[13:52:04] [main/DEBUG] [FML]: Examining for coremod candidacy konkrete_1.1.6_MC_1.12-1.12.2.jar
[13:52:04] [main/DEBUG] [FML]: Not found coremod data in konkrete_1.1.6_MC_1.12-1.12.2.jar
[13:52:04] [main/DEBUG] [FML]: Examining for coremod candidacy LibVulpes-1.12.2-0.4.2-83-universal.jar
[13:52:04] [main/DEBUG] [FML]: Not found coremod data in LibVulpes-1.12.2-0.4.2-83-universal.jar
[13:52:04] [main/DEBUG] [FML]: Examining for coremod candidacy LittleTiles_v1.5.19_mc1.12.2.jar
[13:52:04] [main/WARN] [FML]: Found FMLCorePluginContainsFMLMod marker in LittleTiles_v1.5.19_mc1.12.2.jar. This is not recommended, @Mods should be in a separate jar from the coremod.
[13:52:04] [main/DEBUG] [FML]: Instantiating coremod class LittlePatchingLoader
[13:52:04] [main/WARN] [FML]: The coremod com.creativemd.littletiles.LittlePatchingLoader does not have a MCVersion annotation, it may cause issues with this version of Minecraft
[13:52:04] [main/WARN] [FML]: The coremod LittlePatchingLoader (com.creativemd.littletiles.LittlePatchingLoader) is not signed!
[13:52:04] [main/DEBUG] [FML]: Added access transformer class com.creativemd.littletiles.LittleTilesAfterTransformer to enqueued access transformers
[13:52:04] [main/DEBUG] [FML]: Enqueued coremod LittlePatchingLoader
[13:52:04] [main/DEBUG] [FML]: Examining for coremod candidacy Mantle-1.12-1.3.3.55.jar
[13:52:04] [main/DEBUG] [FML]: Not found coremod data in Mantle-1.12-1.3.3.55.jar
[13:52:04] [main/DEBUG] [FML]: Examining for coremod candidacy MCTImmersiveTechnology-1.12.2-1.8.94.jar
[13:52:04] [main/DEBUG] [FML]: Not found coremod data in MCTImmersiveTechnology-1.12.2-1.8.94.jar
[13:52:04] [main/DEBUG] [FML]: Examining for coremod candidacy MixinBootstrap-1.0.5.jar
[13:52:04] [main/INFO] [FML]: Loading tweaker org.spongepowered.asm.launch.MixinTweaker from MixinBootstrap-1.0.5.jar
[13:52:04] [main/DEBUG] [FML]: Examining for coremod candidacy moartinkers-0.6.0.jar
[13:52:04] [main/DEBUG] [FML]: Not found coremod data in moartinkers-0.6.0.jar
[13:52:04] [main/DEBUG] [FML]: Examining for coremod candidacy OpenTerrainGenerator-1.12.2-v9.3.jar
[13:52:04] [main/DEBUG] [FML]: Not found coremod data in OpenTerrainGenerator-1.12.2-v9.3.jar
[13:52:04] [main/DEBUG] [FML]: Examining for coremod candidacy OTG-Core.jar
[13:52:04] [main/TRACE] [FML]: Adding OTG-Core.jar to the list of known coremods, it will not be examined again
[13:52:04] [main/DEBUG] [FML]: Instantiating coremod class OTGCorePlugin
[13:52:04] [main/DEBUG] [FML]: The coremod com.pg85.otg.forge.asm.excluded.launch.OTGCorePlugin requested minecraft version 1.12.2 and minecraft is 1.12.2. It will be loaded.
[13:52:04] [main/WARN] [FML]: The coremod OTGCorePlugin (com.pg85.otg.forge.asm.excluded.launch.OTGCorePlugin) is not signed!
[13:52:04] [main/DEBUG] [FML]: Enqueued coremod OTGCorePlugin
[13:52:04] [main/DEBUG] [FML]: Examining for coremod candidacy particleculling-1.12.2-v1.0.1.jar
[13:52:04] [main/INFO] [FML]: Loading tweaker org.spongepowered.asm.launch.MixinTweaker from particleculling-1.12.2-v1.0.1.jar
[13:52:04] [main/DEBUG] [FML]: Examining for coremod candidacy performant-1.12.2-1.10.jar
[13:52:04] [main/INFO] [FML]: Loading tweaker org.spongepowered.asm.launch.MixinTweaker from performant-1.12.2-1.10.jar
[13:52:04] [main/DEBUG] [FML]: Examining for coremod candidacy prehistoricspawns-1.1.jar
[13:52:04] [main/DEBUG] [FML]: Not found coremod data in prehistoricspawns-1.1.jar
[13:52:04] [main/DEBUG] [FML]: Examining for coremod candidacy TConstruct-1.12.2-2.13.0.183.jar
[13:52:04] [main/DEBUG] [FML]: Not found coremod data in TConstruct-1.12.2-2.13.0.183.jar
[13:52:04] [main/DEBUG] [FML]: Examining for coremod candidacy TinkerToolLeveling-1.12.2-1.1.0.jar
[13:52:04] [main/DEBUG] [FML]: Not found coremod data in TinkerToolLeveling-1.12.2-1.1.0.jar
[13:52:04] [main/DEBUG] [FML]: Examining for coremod candidacy ToughAsNails-1.12.2-3.1.0.139-universal.jar
[13:52:04] [main/DEBUG] [FML]: Not found coremod data in ToughAsNails-1.12.2-3.1.0.139-universal.jar
[13:52:04] [main/DEBUG] [FML]: Examining for coremod candidacy TrackAPI-1.2.jar
[13:52:04] [main/DEBUG] [FML]: Not found coremod data in TrackAPI-1.2.jar
[13:52:04] [main/DEBUG] [FML]: Examining for coremod candidacy Traveler'sDream-Compact-1.12.2-v1.2.jar
[13:52:04] [main/DEBUG] [FML]: Not found coremod data in Traveler'sDream-Compact-1.12.2-v1.2.jar
[13:52:04] [main/DEBUG] [FML]: Examining for coremod candidacy UndergroundBiomesConstructs-1.12-1.3.8.jar
[13:52:04] [main/DEBUG] [FML]: Not found coremod data in UndergroundBiomesConstructs-1.12-1.3.8.jar
[13:52:04] [main/DEBUG] [FML]: Examining for coremod candidacy UniversalModCore-1.12.2-forge-1.1.3.jar
[13:52:04] [main/DEBUG] [FML]: Not found coremod data in UniversalModCore-1.12.2-forge-1.1.3.jar
[13:52:04] [main/DEBUG] [FML]: Examining for coremod candidacy Voice Chat Reloaded-1.2.5.jar
[13:52:04] [main/DEBUG] [FML]: Not found coremod data in Voice Chat Reloaded-1.2.5.jar
[13:52:04] [main/DEBUG] [FML]: Examining for coremod candidacy Wawla-1.12.2-2.6.275.jar
[13:52:04] [main/DEBUG] [FML]: Not found coremod data in Wawla-1.12.2-2.6.275.jar
[13:52:04] [main/DEBUG] [FML]: Examining for coremod candidacy Waystones_1.12.2-4.1.0.jar
[13:52:04] [main/DEBUG] [FML]: Not found coremod data in Waystones_1.12.2-4.1.0.jar
[13:52:04] [main/DEBUG] [FML]: Examining for coremod candidacy Xaeros_Minimap_21.15.0.1_Forge_1.12.jar
[13:52:04] [main/WARN] [FML]: Found FMLCorePluginContainsFMLMod marker in Xaeros_Minimap_21.15.0.1_Forge_1.12.jar. This is not recommended, @Mods should be in a separate jar from the coremod.
[13:52:04] [main/DEBUG] [FML]: Instantiating coremod class XaeroMinimapPlugin
[13:52:04] [main/DEBUG] [FML]: The coremod xaero.common.core.XaeroMinimapPlugin requested minecraft version 1.12.2 and minecraft is 1.12.2. It will be loaded.
[13:52:04] [main/WARN] [FML]: The coremod XaeroMinimapPlugin (xaero.common.core.XaeroMinimapPlugin) is not signed!
[13:52:04] [main/DEBUG] [FML]: Enqueued coremod XaeroMinimapPlugin
[13:52:04] [main/DEBUG] [FML]: Examining for coremod candidacy XaerosWorldMap_1.16.0_Forge_1.12.jar
[13:52:04] [main/WARN] [FML]: Found FMLCorePluginContainsFMLMod marker in XaerosWorldMap_1.16.0_Forge_1.12.jar. This is not recommended, @Mods should be in a separate jar from the coremod.
[13:52:04] [main/DEBUG] [FML]: Instantiating coremod class XaeroWorldMapPlugin
[13:52:04] [main/DEBUG] [FML]: The coremod xaero.map.core.XaeroWorldMapPlugin requested minecraft version 1.12.2 and minecraft is 1.12.2. It will be loaded.
[13:52:04] [main/WARN] [FML]: The coremod XaeroWorldMapPlugin (xaero.map.core.XaeroWorldMapPlugin) is not signed!
[13:52:04] [main/DEBUG] [FML]: Enqueued coremod XaeroWorldMapPlugin
[13:52:04] [main/DEBUG] [FML]: Examining for coremod candidacy EnderCore-1.12.2-0.5.76-core.jar
[13:52:04] [main/TRACE] [FML]: Adding EnderCore-1.12.2-0.5.76-core.jar to the list of known coremods, it will not be examined again
[13:52:04] [main/DEBUG] [FML]: Instantiating coremod class EnderCorePlugin
[13:52:05] [main/DEBUG] [FML]: The coremod com.enderio.core.common.transform.EnderCorePlugin requested minecraft version 1.12.2 and minecraft is 1.12.2. It will be loaded.
[13:52:05] [main/DEBUG] [FML]: Found signing certificates for coremod EnderCorePlugin (com.enderio.core.common.transform.EnderCorePlugin)
[13:52:05] [main/DEBUG] [FML]: Found certificate c8f54f454b230ae874e2620721fc1ee76c4b0f6b
[13:52:05] [main/DEBUG] [FML]: Enqueued coremod EnderCorePlugin
[13:52:05] [main/DEBUG] [FML]: Examining for coremod candidacy phosphor-1.12.2-0.2.6+build50-universal.jar
[13:52:05] [main/INFO] [FML]: Loading tweaker org.spongepowered.asm.launch.MixinTweaker from phosphor-1.12.2-0.2.6+build50-universal.jar
[13:52:05] [main/DEBUG] [FML]: Examining for coremod candidacy OreLib-1.12.2-3.6.0.1.jar
[13:52:05] [main/DEBUG] [FML]: Not found coremod data in OreLib-1.12.2-3.6.0.1.jar
[13:52:05] [main/DEBUG] [FML]: Examining for coremod candidacy llibrary-core-1.0.11-1.12.2.jar
[13:52:05] [main/TRACE] [FML]: Adding llibrary-core-1.0.11-1.12.2.jar to the list of known coremods, it will not be examined again
[13:52:05] [main/DEBUG] [FML]: Instantiating coremod class LLibraryPlugin
[13:52:05] [main/TRACE] [FML]: coremod named llibrary is loading
[13:52:05] [main/DEBUG] [FML]: The coremod net.ilexiconn.llibrary.server.core.plugin.LLibraryPlugin requested minecraft version 1.12.2 and minecraft is 1.12.2. It will be loaded.
[13:52:05] [main/DEBUG] [FML]: Found signing certificates for coremod llibrary (net.ilexiconn.llibrary.server.core.plugin.LLibraryPlugin)
[13:52:05] [main/DEBUG] [FML]: Found certificate b9f30a813bee3b9dd5652c460310cfcd54f6b7ec
[13:52:05] [main/DEBUG] [FML]: Enqueued coremod llibrary
[13:52:05] [main/DEBUG] [FML]: Examining for coremod candidacy llibrary-1.7.20-1.12.2.jar
[13:52:05] [main/DEBUG] [FML]: Not found coremod data in llibrary-1.7.20-1.12.2.jar
[13:52:05] [main/DEBUG] [FML]: Examining for coremod candidacy ImmersiveEngineering-core-0.12-98.jar
[13:52:05] [main/TRACE] [FML]: Adding ImmersiveEngineering-core-0.12-98.jar to the list of known coremods, it will not be examined again
[13:52:05] [main/DEBUG] [FML]: Instantiating coremod class IELoadingPlugin
[13:52:05] [main/WARN] [FML]: The coremod blusunrize.immersiveengineering.common.asm.IELoadingPlugin does not have a MCVersion annotation, it may cause issues with this version of Minecraft
[13:52:05] [main/WARN] [FML]: The coremod IELoadingPlugin (blusunrize.immersiveengineering.common.asm.IELoadingPlugin) is not signed!
[13:52:05] [main/DEBUG] [FML]: Enqueued coremod IELoadingPlugin
[13:52:05] [main/DEBUG] [FML]: Examining for coremod candidacy ImmersiveEngineering-0.12-98.jar
[13:52:05] [main/DEBUG] [FML]: Not found coremod data in ImmersiveEngineering-0.12-98.jar
[13:52:05] [main/DEBUG] [FML]: Examining for coremod candidacy AutoSave-1.12.2-1.0.11.jar
[13:52:05] [main/DEBUG] [FML]: Not found coremod data in AutoSave-1.12.2-1.0.11.jar
[13:52:05] [main/DEBUG] [FML]: Examining for coremod candidacy AutoConfig-1.12.2-1.0.2.jar
[13:52:05] [main/DEBUG] [FML]: Not found coremod data in AutoConfig-1.12.2-1.0.2.jar
[13:52:05] [main/INFO] [LaunchWrapper]: Loading tweak class name net.minecraftforge.fml.common.launcher.FMLInjectionAndSortingTweaker
[13:52:05] [main/INFO] [LaunchWrapper]: Loading tweak class name org.spongepowered.asm.launch.MixinTweaker
[13:52:05] [main/DEBUG] [mixin]: Mixin bootstrap service org.spongepowered.asm.service.modlauncher.MixinServiceModLauncherBootstrap is not available: ModLauncher is not available
[13:52:05] [main/DEBUG] [mixin]: MixinService [LaunchWrapper] was successfully booted in sun.misc.Launcher$AppClassLoader@3d4eac69
[13:52:05] [main/INFO] [mixin]: SpongePowered MIXIN Subsystem Version=0.8.4 Source=file:/Users/tristanpoland/Library/Application%20Support/gdlauncher_next/instances/Lost%20World/mods/_MixinBootstrap-1.1.0.jar Service=LaunchWrapper Env=CLIENT
[13:52:05] [main/DEBUG] [mixin]: Error cleaning class output directory: .mixin.out/class: failed to delete one or more files; see suppressed exceptions for details
[13:52:05] [main/DEBUG] [mixin]: Adding new mixin transformer proxy #1
[13:52:05] [main/DEBUG] [mixin]: Initialising Mixin Platform Manager
[13:52:05] [main/DEBUG] [mixin]: Adding mixin platform agents for container ContainerHandleURI(file:/Users/tristanpoland/Library/Application%20Support/gdlauncher_next/instances/Lost%20World/mods/_MixinBootstrap-1.1.0.jar)
[13:52:05] [main/DEBUG] [mixin]: Instancing new MixinPlatformAgentFMLLegacy for ContainerHandleURI(file:/Users/tristanpoland/Library/Application%20Support/gdlauncher_next/instances/Lost%20World/mods/_MixinBootstrap-1.1.0.jar)
[13:52:05] [main/DEBUG] [mixin]: MixinPlatformAgentFMLLegacy rejected container ContainerHandleURI(file:/Users/tristanpoland/Library/Application%20Support/gdlauncher_next/instances/Lost%20World/mods/_MixinBootstrap-1.1.0.jar)
[13:52:05] [main/DEBUG] [mixin]: Instancing new MixinPlatformAgentLiteLoaderLegacy for ContainerHandleURI(file:/Users/tristanpoland/Library/Application%20Support/gdlauncher_next/instances/Lost%20World/mods/_MixinBootstrap-1.1.0.jar)
[13:52:05] [main/DEBUG] [mixin]: MixinPlatformAgentLiteLoaderLegacy rejected container ContainerHandleURI(file:/Users/tristanpoland/Library/Application%20Support/gdlauncher_next/instances/Lost%20World/mods/_MixinBootstrap-1.1.0.jar)
[13:52:05] [main/DEBUG] [mixin]: Instancing new MixinPlatformAgentDefault for ContainerHandleURI(file:/Users/tristanpoland/Library/Application%20Support/gdlauncher_next/instances/Lost%20World/mods/_MixinBootstrap-1.1.0.jar)
[13:52:05] [main/DEBUG] [mixin]: MixinPlatformAgentDefault accepted container ContainerHandleURI(file:/Users/tristanpoland/Library/Application%20Support/gdlauncher_next/instances/Lost%20World/mods/_MixinBootstrap-1.1.0.jar)
[13:52:05] [main/DEBUG] [org.spongepowered.asm.service.mojang.MixinServiceLaunchWrapper]: Scanning file:/Users/tristanpoland/Library/Application%20Support/gdlauncher_next/datastore/libraries/net/minecraftforge/forge/1.12.2-14.23.5.2855/forge-1.12.2-14.23.5.2855.jar for mixin tweaker
[13:52:05] [main/DEBUG] [org.spongepowered.asm.service.mojang.MixinServiceLaunchWrapper]: Scanning file:/Users/tristanpoland/Library/Application%20Support/gdlauncher_next/datastore/libraries/org/ow2/asm/asm-debug-all/5.2/asm-debug-all-5.2.jar for mixin tweaker
[13:52:05] [main/DEBUG] [org.spongepowered.asm.service.mojang.MixinServiceLaunchWrapper]: Scanning file:/Users/tristanpoland/Library/Application%20Support/gdlauncher_next/datastore/libraries/net/minecraft/launchwrapper/1.12/launchwrapper-1.12.jar for mixin tweaker
[13:52:05] [main/DEBUG] [org.spongepowered.asm.service.mojang.MixinServiceLaunchWrapper]: Scanning file:/Users/tristanpoland/Library/Application%20Support/gdlauncher_next/datastore/libraries/org/jline/jline/3.5.1/jline-3.5.1.jar for mixin tweaker
[13:52:05] [main/DEBUG] [org.spongepowered.asm.service.mojang.MixinServiceLaunchWrapper]: Scanning file:/Users/tristanpoland/Library/Application%20Support/gdlauncher_next/datastore/libraries/com/typesafe/akka/akka-actor_2.11/2.3.3/akka-actor_2.11-2.3.3.jar for mixin tweaker
[13:52:05] [main/DEBUG] [org.spongepowered.asm.service.mojang.MixinServiceLaunchWrapper]: Scanning file:/Users/tristanpoland/Library/Application%20Support/gdlauncher_next/datastore/libraries/com/typesafe/config/1.2.1/config-1.2.1.jar for mixin tweaker
[13:52:05] [main/DEBUG] [org.spongepowered.asm.service.mojang.MixinServiceLaunchWrapper]: Scanning file:/Users/tristanpoland/Library/Application%20Support/gdlauncher_next/datastore/libraries/org/scala-lang/scala-actors-migration_2.11/1.1.0/scala-actors-migration_2.11-1.1.0.jar for mixin tweaker
[13:52:05] [main/DEBUG] [org.spongepowered.asm.service.mojang.MixinServiceLaunchWrapper]: Scanning file:/Users/tristanpoland/Library/Application%20Support/gdlauncher_next/datastore/libraries/org/scala-lang/scala-compiler/2.11.1/scala-compiler-2.11.1.jar for mixin tweaker
[13:52:05] [main/DEBUG] [org.spongepowered.asm.service.mojang.MixinServiceLaunchWrapper]: Scanning file:/Users/tristanpoland/Library/Application%20Support/gdlauncher_next/datastore/libraries/org/scala-lang/plugins/scala-continuations-library_2.11/1.0.2_mc/scala-continuations-library_2.11-1.0.2_mc.jar for mixin tweaker
[13:52:05] [main/DEBUG] [org.spongepowered.asm.service.mojang.MixinServiceLaunchWrapper]: Scanning file:/Users/tristanpoland/Library/Application%20Support/gdlauncher_next/datastore/libraries/org/scala-lang/plugins/scala-continuations-plugin_2.11.1/1.0.2_mc/scala-continuations-plugin_2.11.1-1.0.2_mc.jar for mixin tweaker
[13:52:05] [main/DEBUG] [org.spongepowered.asm.service.mojang.MixinServiceLaunchWrapper]: Scanning file:/Users/tristanpoland/Library/Application%20Support/gdlauncher_next/datastore/libraries/org/scala-lang/scala-library/2.11.1/scala-library-2.11.1.jar for mixin tweaker
[13:52:05] [main/DEBUG] [org.spongepowered.asm.service.mojang.MixinServiceLaunchWrapper]: Scanning file:/Users/tristanpoland/Library/Application%20Support/gdlauncher_next/datastore/libraries/org/scala-lang/scala-parser-combinators_2.11/1.0.1/scala-parser-combinators_2.11-1.0.1.jar for mixin tweaker
[13:52:05] [main/DEBUG] [org.spongepowered.asm.service.mojang.MixinServiceLaunchWrapper]: Scanning file:/Users/tristanpoland/Library/Application%20Support/gdlauncher_next/datastore/libraries/org/scala-lang/scala-reflect/2.11.1/scala-reflect-2.11.1.jar for mixin tweaker
[13:52:05] [main/DEBUG] [org.spongepowered.asm.service.mojang.MixinServiceLaunchWrapper]: Scanning file:/Users/tristanpoland/Library/Application%20Support/gdlauncher_next/datastore/libraries/org/scala-lang/scala-swing_2.11/1.0.1/scala-swing_2.11-1.0.1.jar for mixin tweaker
[13:52:05] [main/DEBUG] [org.spongepowered.asm.service.mojang.MixinServiceLaunchWrapper]: Scanning file:/Users/tristanpoland/Library/Application%20Support/gdlauncher_next/datastore/libraries/org/scala-lang/scala-xml_2.11/1.0.2/scala-xml_2.11-1.0.2.jar for mixin tweaker
[13:52:05] [main/DEBUG] [org.spongepowered.asm.service.mojang.MixinServiceLaunchWrapper]: Scanning file:/Users/tristanpoland/Library/Application%20Support/gdlauncher_next/datastore/libraries/lzma/lzma/0.0.1/lzma-0.0.1.jar for mixin tweaker
[13:52:05] [main/DEBUG] [org.spongepowered.asm.service.mojang.MixinServiceLaunchWrapper]: Scanning file:/Users/tristanpoland/Library/Application%20Support/gdlauncher_next/datastore/libraries/java3d/vecmath/1.5.2/vecmath-1.5.2.jar for mixin tweaker
[13:52:05] [main/DEBUG] [org.spongepowered.asm.service.mojang.MixinServiceLaunchWrapper]: Scanning file:/Users/tristanpoland/Library/Application%20Support/gdlauncher_next/datastore/libraries/net/sf/trove4j/trove4j/3.0.3/trove4j-3.0.3.jar for mixin tweaker
[13:52:05] [main/DEBUG] [org.spongepowered.asm.service.mojang.MixinServiceLaunchWrapper]: Scanning file:/Users/tristanpoland/Library/Application%20Support/gdlauncher_next/datastore/libraries/org/apache/maven/maven-artifact/3.5.3/maven-artifact-3.5.3.jar for mixin tweaker
[13:52:05] [main/DEBUG] [org.spongepowered.asm.service.mojang.MixinServiceLaunchWrapper]: Scanning file:/Users/tristanpoland/Library/Application%20Support/gdlauncher_next/datastore/libraries/net/sf/jopt-simple/jopt-simple/5.0.3/jopt-simple-5.0.3.jar for mixin tweaker
[13:52:05] [main/DEBUG] [org.spongepowered.asm.service.mojang.MixinServiceLaunchWrapper]: Scanning file:/Users/tristanpoland/Library/Application%20Support/gdlauncher_next/datastore/libraries/com/mojang/patchy/1.1/patchy-1.1.jar for mixin tweaker
[13:52:05] [main/DEBUG] [org.spongepowered.asm.service.mojang.MixinServiceLaunchWrapper]: Scanning file:/Users/tristanpoland/Library/Application%20Support/gdlauncher_next/datastore/libraries/oshi-project/oshi-core/1.1/oshi-core-1.1.jar for mixin tweaker
[13:52:05] [main/DEBUG] [org.spongepowered.asm.service.mojang.MixinServiceLaunchWrapper]: Scanning file:/Users/tristanpoland/Library/Application%20Support/gdlauncher_next/datastore/libraries/net/java/dev/jna/jna/4.4.0/jna-4.4.0.jar for mixin tweaker
[13:52:05] [main/DEBUG] [org.spongepowered.asm.service.mojang.MixinServiceLaunchWrapper]: Scanning file:/Users/tristanpoland/Library/Application%20Support/gdlauncher_next/datastore/libraries/net/java/dev/jna/platform/3.4.0/platform-3.4.0.jar for mixin tweaker
[13:52:05] [main/DEBUG] [org.spongepowered.asm.service.mojang.MixinServiceLaunchWrapper]: Scanning file:/Users/tristanpoland/Library/Application%20Support/gdlauncher_next/datastore/libraries/com/ibm/icu/icu4j-core-mojang/51.2/icu4j-core-mojang-51.2.jar for mixin tweaker
[13:52:05] [main/DEBUG] [org.spongepowered.asm.service.mojang.MixinServiceLaunchWrapper]: Scanning file:/Users/tristanpoland/Library/Application%20Support/gdlauncher_next/datastore/libraries/com/paulscode/codecjorbis/20101023/codecjorbis-20101023.jar for mixin tweaker
[13:52:05] [main/DEBUG] [org.spongepowered.asm.service.mojang.MixinServiceLaunchWrapper]: Scanning file:/Users/tristanpoland/Library/Application%20Support/gdlauncher_next/datastore/libraries/com/paulscode/codecwav/20101023/codecwav-20101023.jar for mixin tweaker
[13:52:05] [main/DEBUG] [org.spongepowered.asm.service.mojang.MixinServiceLaunchWrapper]: Scanning file:/Users/tristanpoland/Library/Application%20Support/gdlauncher_next/datastore/libraries/com/paulscode/libraryjavasound/20101123/libraryjavasound-20101123.jar for mixin tweaker
[13:52:05] [main/DEBUG] [org.spongepowered.asm.service.mojang.MixinServiceLaunchWrapper]: Scanning file:/Users/tristanpoland/Library/Application%20Support/gdlauncher_next/datastore/libraries/com/paulscode/librarylwjglopenal/20100824/librarylwjglopenal-20100824.jar for mixin tweaker
[13:52:05] [main/DEBUG] [org.spongepowered.asm.service.mojang.MixinServiceLaunchWrapper]: Scanning file:/Users/tristanpoland/Library/Application%20Support/gdlauncher_next/datastore/libraries/com/paulscode/soundsystem/20120107/soundsystem-20120107.jar for mixin tweaker
[13:52:05] [main/DEBUG] [org.spongepowered.asm.service.mojang.MixinServiceLaunchWrapper]: Scanning file:/Users/tristanpoland/Library/Application%20Support/gdlauncher_next/datastore/libraries/io/netty/netty-all/4.1.9.Final/netty-all-4.1.9.Final.jar for mixin tweaker
[13:52:05] [main/DEBUG] [org.spongepowered.asm.service.mojang.MixinServiceLaunchWrapper]: Scanning file:/Users/tristanpoland/Library/Application%20Support/gdlauncher_next/datastore/libraries/com/google/guava/guava/21.0/guava-21.0.jar for mixin tweaker
[13:52:05] [main/DEBUG] [org.spongepowered.asm.service.mojang.MixinServiceLaunchWrapper]: Scanning file:/Users/tristanpoland/Library/Application%20Support/gdlauncher_next/datastore/libraries/org/apache/commons/commons-lang3/3.5/commons-lang3-3.5.jar for mixin tweaker
[13:52:05] [main/DEBUG] [org.spongepowered.asm.service.mojang.MixinServiceLaunchWrapper]: Scanning file:/Users/tristanpoland/Library/Application%20Support/gdlauncher_next/datastore/libraries/commons-io/commons-io/2.5/commons-io-2.5.jar for mixin tweaker
[13:52:05] [main/DEBUG] [org.spongepowered.asm.service.mojang.MixinServiceLaunchWrapper]: Scanning file:/Users/tristanpoland/Library/Application%20Support/gdlauncher_next/datastore/libraries/commons-codec/commons-codec/1.10/commons-codec-1.10.jar for mixin tweaker
[13:52:05] [main/DEBUG] [org.spongepowered.asm.service.mojang.MixinServiceLaunchWrapper]: Scanning file:/Users/tristanpoland/Library/Application%20Support/gdlauncher_next/datastore/libraries/net/java/jinput/jinput/2.0.5/jinput-2.0.5.jar for mixin tweaker
[13:52:05] [main/DEBUG] [org.spongepowered.asm.service.mojang.MixinServiceLaunchWrapper]: Scanning file:/Users/tristanpoland/Library/Application%20Support/gdlauncher_next/datastore/libraries/net/java/jutils/jutils/1.0.0/jutils-1.0.0.jar for mixin tweaker
[13:52:05] [main/DEBUG] [org.spongepowered.asm.service.mojang.MixinServiceLaunchWrapper]: Scanning file:/Users/tristanpoland/Library/Application%20Support/gdlauncher_next/datastore/libraries/com/google/code/gson/gson/2.8.0/gson-2.8.0.jar for mixin tweaker
[13:52:05] [main/DEBUG] [org.spongepowered.asm.service.mojang.MixinServiceLaunchWrapper]: Scanning file:/Users/tristanpoland/Library/Application%20Support/gdlauncher_next/datastore/libraries/com/mojang/authlib/1.5.25/authlib-1.5.25.jar for mixin tweaker
[13:52:05] [main/DEBUG] [org.spongepowered.asm.service.mojang.MixinServiceLaunchWrapper]: Scanning file:/Users/tristanpoland/Library/Application%20Support/gdlauncher_next/datastore/libraries/com/mojang/realms/1.10.22/realms-1.10.22.jar for mixin tweaker
[13:52:05] [main/DEBUG] [org.spongepowered.asm.service.mojang.MixinServiceLaunchWrapper]: Scanning file:/Users/tristanpoland/Library/Application%20Support/gdlauncher_next/datastore/libraries/org/apache/commons/commons-compress/1.8.1/commons-compress-1.8.1.jar for mixin tweaker
[13:52:05] [main/DEBUG] [org.spongepowered.asm.service.mojang.MixinServiceLaunchWrapper]: Scanning file:/Users/tristanpoland/Library/Application%20Support/gdlauncher_next/datastore/libraries/org/apache/httpcomponents/httpclient/4.3.3/httpclient-4.3.3.jar for mixin tweaker
[13:52:05] [main/DEBUG] [org.spongepowered.asm.service.mojang.MixinServiceLaunchWrapper]: Scanning file:/Users/tristanpoland/Library/Application%20Support/gdlauncher_next/datastore/libraries/commons-logging/commons-logging/1.1.3/commons-logging-1.1.3.jar for mixin tweaker
[13:52:05] [main/DEBUG] [org.spongepowered.asm.service.mojang.MixinServiceLaunchWrapper]: Scanning file:/Users/tristanpoland/Library/Application%20Support/gdlauncher_next/datastore/libraries/org/apache/httpcomponents/httpcore/4.3.2/httpcore-4.3.2.jar for mixin tweaker
[13:52:05] [main/DEBUG] [org.spongepowered.asm.service.mojang.MixinServiceLaunchWrapper]: Scanning file:/Users/tristanpoland/Library/Application%20Support/gdlauncher_next/datastore/libraries/it/unimi/dsi/fastutil/7.1.0/fastutil-7.1.0.jar for mixin tweaker
[13:52:05] [main/DEBUG] [org.spongepowered.asm.service.mojang.MixinServiceLaunchWrapper]: Scanning file:/Users/tristanpoland/Library/Application%20Support/gdlauncher_next/datastore/libraries/org/apache/logging/log4j/log4j-api/2.8.1/log4j-api-2.8.1.jar for mixin tweaker
[13:52:05] [main/DEBUG] [org.spongepowered.asm.service.mojang.MixinServiceLaunchWrapper]: Scanning file:/Users/tristanpoland/Library/Application%20Support/gdlauncher_next/datastore/libraries/org/apache/logging/log4j/log4j-core/2.8.1/log4j-core-2.8.1.jar for mixin tweaker
[13:52:05] [main/DEBUG] [org.spongepowered.asm.service.mojang.MixinServiceLaunchWrapper]: Scanning file:/Users/tristanpoland/Library/Application%20Support/gdlauncher_next/datastore/libraries/org/lwjgl/lwjgl/lwjgl/2.9.2-nightly-20140822/lwjgl-2.9.2-nightly-20140822.jar for mixin tweaker
[13:52:05] [main/DEBUG] [org.spongepowered.asm.service.mojang.MixinServiceLaunchWrapper]: Scanning file:/Users/tristanpoland/Library/Application%20Support/gdlauncher_next/datastore/libraries/org/lwjgl/lwjgl/lwjgl_util/2.9.2-nightly-20140822/lwjgl_util-2.9.2-nightly-20140822.jar for mixin tweaker
[13:52:05] [main/DEBUG] [org.spongepowered.asm.service.mojang.MixinServiceLaunchWrapper]: Scanning file:/Users/tristanpoland/Library/Application%20Support/gdlauncher_next/datastore/libraries/com/mojang/text2speech/1.10.3/text2speech-1.10.3.jar for mixin tweaker
[13:52:05] [main/DEBUG] [org.spongepowered.asm.service.mojang.MixinServiceLaunchWrapper]: Scanning file:/Users/tristanpoland/Library/Application%20Support/gdlauncher_next/datastore/libraries/ca/weblite/java-objc-bridge/1.0.0/java-objc-bridge-1.0.0.jar for mixin tweaker
[13:52:05] [main/DEBUG] [org.spongepowered.asm.service.mojang.MixinServiceLaunchWrapper]: Scanning file:/Users/tristanpoland/Library/Application%20Support/gdlauncher_next/datastore/libraries/net/minecraft/1.12.2.jar for mixin tweaker
[13:52:05] [main/DEBUG] [org.spongepowered.asm.service.mojang.MixinServiceLaunchWrapper]: Scanning file:/Users/tristanpoland/Library/Application%20Support/gdlauncher_next/instances/Lost%20World/mods/_MixinBootstrap-1.1.0.jar for mixin tweaker
[13:52:05] [main/DEBUG] [org.spongepowered.asm.service.mojang.MixinServiceLaunchWrapper]: Scanning file:/Users/tristanpoland/Library/Application%20Support/gdlauncher_next/instances/Lost%20World/mods/BetterFps-1.4.8.jar for mixin tweaker
[13:52:05] [main/DEBUG] [org.spongepowered.asm.service.mojang.MixinServiceLaunchWrapper]: Scanning file:/Users/tristanpoland/Library/Application%20Support/gdlauncher_next/instances/Lost%20World/mods/ChunkAnimator-MC1.12-1.2.jar for mixin tweaker
[13:52:05] [main/DEBUG] [org.spongepowered.asm.service.mojang.MixinServiceLaunchWrapper]: Scanning file:/Users/tristanpoland/Library/Application%20Support/gdlauncher_next/instances/Lost%20World/mods/CreativeCore_v1.10.62_mc1.12.2.jar for mixin tweaker
[13:52:05] [main/DEBUG] [org.spongepowered.asm.service.mojang.MixinServiceLaunchWrapper]: Scanning file:/Users/tristanpoland/Library/Application%20Support/gdlauncher_next/instances/Lost%20World/mods/CustomLoadingScreen-1.12.2-1.4.1.jar for mixin tweaker
[13:52:05] [main/DEBUG] [org.spongepowered.asm.service.mojang.MixinServiceLaunchWrapper]: Scanning file:/Users/tristanpoland/Library/Application%20Support/gdlauncher_next/instances/Lost%20World/mods/DynamicSurroundings-1.12.2-3.6.1.0.jar for mixin tweaker
[13:52:05] [main/DEBUG] [org.spongepowered.asm.service.mojang.MixinServiceLaunchWrapper]: Scanning file:/Users/tristanpoland/Library/Application%20Support/gdlauncher_next/instances/Lost%20World/mods/EntityCulling-1.12.2-4.1.5.jar for mixin tweaker
[13:52:05] [main/DEBUG] [org.spongepowered.asm.service.mojang.MixinServiceLaunchWrapper]: Scanning file:/Users/tristanpoland/Library/Application%20Support/gdlauncher_next/instances/Lost%20World/mods/fancymenu_2.2.2_MC_1.12-1.12.2.jar for mixin tweaker
[13:52:05] [main/DEBUG] [org.spongepowered.asm.service.mojang.MixinServiceLaunchWrapper]: Scanning file:/Users/tristanpoland/Library/Application%20Support/gdlauncher_next/instances/Lost%20World/mods/foamfix-0.10.14-1.12.2.jar for mixin tweaker
[13:52:05] [main/DEBUG] [org.spongepowered.asm.service.mojang.MixinServiceLaunchWrapper]: Scanning file:/Users/tristanpoland/Library/Application%20Support/gdlauncher_next/instances/Lost%20World/mods/LittleTiles_v1.5.19_mc1.12.2.jar for mixin tweaker
[13:52:05] [main/DEBUG] [org.spongepowered.asm.service.mojang.MixinServiceLaunchWrapper]: Scanning file:/Users/tristanpoland/Library/Application%20Support/gdlauncher_next/instances/Lost%20World/mods/MixinBootstrap-1.0.5.jar for mixin tweaker
[13:52:05] [main/DEBUG] [org.spongepowered.asm.service.mojang.MixinServiceLaunchWrapper]: Scanning file:/Users/tristanpoland/Library/Application%20Support/gdlauncher_next/instances/Lost%20World/mods/1.12.2/OTG-Core.jar for mixin tweaker
[13:52:05] [main/DEBUG] [org.spongepowered.asm.service.mojang.MixinServiceLaunchWrapper]: Scanning file:/Users/tristanpoland/Library/Application%20Support/gdlauncher_next/instances/Lost%20World/mods/particleculling-1.12.2-v1.0.1.jar for mixin tweaker
[13:52:05] [main/DEBUG] [org.spongepowered.asm.service.mojang.MixinServiceLaunchWrapper]: Scanning file:/Users/tristanpoland/Library/Application%20Support/gdlauncher_next/instances/Lost%20World/mods/performant-1.12.2-1.10.jar for mixin tweaker
[13:52:05] [main/DEBUG] [org.spongepowered.asm.service.mojang.MixinServiceLaunchWrapper]: Scanning file:/Users/tristanpoland/Library/Application%20Support/gdlauncher_next/instances/Lost%20World/mods/Xaeros_Minimap_21.15.0.1_Forge_1.12.jar for mixin tweaker
[13:52:05] [main/DEBUG] [org.spongepowered.asm.service.mojang.MixinServiceLaunchWrapper]: Scanning file:/Users/tristanpoland/Library/Application%20Support/gdlauncher_next/instances/Lost%20World/mods/XaerosWorldMap_1.16.0_Forge_1.12.jar for mixin tweaker
[13:52:05] [main/DEBUG] [org.spongepowered.asm.service.mojang.MixinServiceLaunchWrapper]: Scanning file:/Users/tristanpoland/Library/Application%20Support/gdlauncher_next/instances/Lost%20World/mods/memory_repo/com/enderio/core/EnderCore/1.12.2-0.5.76/EnderCore-1.12.2-0.5.76-core.jar for mixin tweaker
[13:52:05] [main/DEBUG] [org.spongepowered.asm.service.mojang.MixinServiceLaunchWrapper]: Scanning file:/Users/tristanpoland/Library/Application%20Support/gdlauncher_next/instances/Lost%20World/mods/phosphor-1.12.2-0.2.6+build50-universal.jar for mixin tweaker
[13:52:05] [main/DEBUG] [org.spongepowered.asm.service.mojang.MixinServiceLaunchWrapper]: Scanning file:/Users/tristanpoland/Library/Application%20Support/gdlauncher_next/instances/Lost%20World/mods/memory_repo/net/ilexiconn/llibrary-core/1.0.11-1.12.2/llibrary-core-1.0.11-1.12.2.jar for mixin tweaker
[13:52:05] [main/DEBUG] [org.spongepowered.asm.service.mojang.MixinServiceLaunchWrapper]: Scanning file:/Users/tristanpoland/Library/Application%20Support/gdlauncher_next/instances/Lost%20World/mods/memory_repo/blusunrize/ImmersiveEngineering-core/0.12-98/ImmersiveEngineering-core-0.12-98.jar for mixin tweaker
[13:52:05] [main/DEBUG] [mixin]: Adding agents for Mixin Container ContainerHandleURI(file:/Users/tristanpoland/Library/Application%20Support/gdlauncher_next/instances/Lost%20World/mods/_MixinBootstrap-1.1.0.jar)
[13:52:05] [main/DEBUG] [mixin]: Adding agents for Mixin Container ContainerHandleURI(file:/Users/tristanpoland/Library/Application%20Support/gdlauncher_next/instances/Lost%20World/mods/DynamicSurroundings-1.12.2-3.6.1.0.jar)
[13:52:05] [main/DEBUG] [mixin]: Adding mixin platform agents for container ContainerHandleURI(file:/Users/tristanpoland/Library/Application%20Support/gdlauncher_next/instances/Lost%20World/mods/DynamicSurroundings-1.12.2-3.6.1.0.jar)
[13:52:05] [main/DEBUG] [mixin]: Instancing new MixinPlatformAgentFMLLegacy for ContainerHandleURI(file:/Users/tristanpoland/Library/Application%20Support/gdlauncher_next/instances/Lost%20World/mods/DynamicSurroundings-1.12.2-3.6.1.0.jar)
[13:52:05] [main/DEBUG] [mixin]: ForceLoadAsMod was specified for DynamicSurroundings-1.12.2-3.6.1.0.jar, attempting force-load
[13:52:05] [main/DEBUG] [mixin]: Adding DynamicSurroundings-1.12.2-3.6.1.0.jar to reparseable coremod collection
[13:52:05] [main/DEBUG] [mixin]: DynamicSurroundings-1.12.2-3.6.1.0.jar has core plugin org.orecruncher.dsurround.mixins.TransformLoader. Injecting it into FML for co-initialisation:
[13:52:05] [main/DEBUG] [FML]: Instantiating coremod class TransformLoader
[13:52:05] [main/DEBUG] [FML]: The coremod org.orecruncher.dsurround.mixins.TransformLoader requested minecraft version 1.12.2 and minecraft is 1.12.2. It will be loaded.
[13:52:05] [main/DEBUG] [FML]: Found signing certificates for coremod TransformLoader (org.orecruncher.dsurround.mixins.TransformLoader)
[13:52:05] [main/DEBUG] [FML]: Found certificate 7a2128d395ad96ceb9d9030fbd41d035b435753a
[13:52:06] [main/INFO] [mixin]: Compatibility level set to JAVA_8
[13:52:06] [main/DEBUG] [FML]: Enqueued coremod TransformLoader
[13:52:06] [main/DEBUG] [mixin]: MixinPlatformAgentFMLLegacy accepted container ContainerHandleURI(file:/Users/tristanpoland/Library/Application%20Support/gdlauncher_next/instances/Lost%20World/mods/DynamicSurroundings-1.12.2-3.6.1.0.jar)
[13:52:06] [main/DEBUG] [mixin]: Instancing new MixinPlatformAgentLiteLoaderLegacy for ContainerHandleURI(file:/Users/tristanpoland/Library/Application%20Support/gdlauncher_next/instances/Lost%20World/mods/DynamicSurroundings-1.12.2-3.6.1.0.jar)
[13:52:06] [main/DEBUG] [mixin]: MixinPlatformAgentLiteLoaderLegacy rejected container ContainerHandleURI(file:/Users/tristanpoland/Library/Application%20Support/gdlauncher_next/instances/Lost%20World/mods/DynamicSurroundings-1.12.2-3.6.1.0.jar)
[13:52:06] [main/DEBUG] [mixin]: Instancing new MixinPlatformAgentDefault for ContainerHandleURI(file:/Users/tristanpoland/Library/Application%20Support/gdlauncher_next/instances/Lost%20World/mods/DynamicSurroundings-1.12.2-3.6.1.0.jar)
[13:52:06] [main/DEBUG] [mixin]: MixinPlatformAgentDefault accepted container ContainerHandleURI(file:/Users/tristanpoland/Library/Application%20Support/gdlauncher_next/instances/Lost%20World/mods/DynamicSurroundings-1.12.2-3.6.1.0.jar)
[13:52:06] [main/DEBUG] [mixin]: Adding agents for Mixin Container ContainerHandleURI(file:/Users/tristanpoland/Library/Application%20Support/gdlauncher_next/instances/Lost%20World/mods/fancymenu_2.2.2_MC_1.12-1.12.2.jar)
[13:52:06] [main/DEBUG] [mixin]: Adding mixin platform agents for container ContainerHandleURI(file:/Users/tristanpoland/Library/Application%20Support/gdlauncher_next/instances/Lost%20World/mods/fancymenu_2.2.2_MC_1.12-1.12.2.jar)
[13:52:06] [main/DEBUG] [mixin]: Instancing new MixinPlatformAgentFMLLegacy for ContainerHandleURI(file:/Users/tristanpoland/Library/Application%20Support/gdlauncher_next/instances/Lost%20World/mods/fancymenu_2.2.2_MC_1.12-1.12.2.jar)
[13:52:06] [main/DEBUG] [mixin]: ForceLoadAsMod was specified for fancymenu_2.2.2_MC_1.12-1.12.2.jar, attempting force-load
[13:52:06] [main/DEBUG] [mixin]: MixinPlatformAgentFMLLegacy rejected container ContainerHandleURI(file:/Users/tristanpoland/Library/Application%20Support/gdlauncher_next/instances/Lost%20World/mods/fancymenu_2.2.2_MC_1.12-1.12.2.jar)
[13:52:06] [main/DEBUG] [mixin]: Instancing new MixinPlatformAgentLiteLoaderLegacy for ContainerHandleURI(file:/Users/tristanpoland/Library/Application%20Support/gdlauncher_next/instances/Lost%20World/mods/fancymenu_2.2.2_MC_1.12-1.12.2.jar)
[13:52:06] [main/DEBUG] [mixin]: MixinPlatformAgentLiteLoaderLegacy rejected container ContainerHandleURI(file:/Users/tristanpoland/Library/Application%20Support/gdlauncher_next/instances/Lost%20World/mods/fancymenu_2.2.2_MC_1.12-1.12.2.jar)
[13:52:06] [main/DEBUG] [mixin]: Instancing new MixinPlatformAgentDefault for ContainerHandleURI(file:/Users/tristanpoland/Library/Application%20Support/gdlauncher_next/instances/Lost%20World/mods/fancymenu_2.2.2_MC_1.12-1.12.2.jar)
[13:52:06] [main/DEBUG] [mixin]: MixinPlatformAgentDefault accepted container ContainerHandleURI(file:/Users/tristanpoland/Library/Application%20Support/gdlauncher_next/instances/Lost%20World/mods/fancymenu_2.2.2_MC_1.12-1.12.2.jar)
[13:52:06] [main/DEBUG] [mixin]: Adding agents for Mixin Container ContainerHandleURI(file:/Users/tristanpoland/Library/Application%20Support/gdlauncher_next/instances/Lost%20World/mods/MixinBootstrap-1.0.5.jar)
[13:52:06] [main/DEBUG] [mixin]: Adding mixin platform agents for container ContainerHandleURI(file:/Users/tristanpoland/Library/Application%20Support/gdlauncher_next/instances/Lost%20World/mods/MixinBootstrap-1.0.5.jar)
[13:52:06] [main/DEBUG] [mixin]: Instancing new MixinPlatformAgentFMLLegacy for ContainerHandleURI(file:/Users/tristanpoland/Library/Application%20Support/gdlauncher_next/instances/Lost%20World/mods/MixinBootstrap-1.0.5.jar)
[13:52:06] [main/DEBUG] [mixin]: MixinPlatformAgentFMLLegacy rejected container ContainerHandleURI(file:/Users/tristanpoland/Library/Application%20Support/gdlauncher_next/instances/Lost%20World/mods/MixinBootstrap-1.0.5.jar)
[13:52:06] [main/DEBUG] [mixin]: Instancing new MixinPlatformAgentLiteLoaderLegacy for ContainerHandleURI(file:/Users/tristanpoland/Library/Application%20Support/gdlauncher_next/instances/Lost%20World/mods/MixinBootstrap-1.0.5.jar)
[13:52:06] [main/DEBUG] [mixin]: MixinPlatformAgentLiteLoaderLegacy rejected container ContainerHandleURI(file:/Users/tristanpoland/Library/Application%20Support/gdlauncher_next/instances/Lost%20World/mods/MixinBootstrap-1.0.5.jar)
[13:52:06] [main/DEBUG] [mixin]: Instancing new MixinPlatformAgentDefault for ContainerHandleURI(file:/Users/tristanpoland/Library/Application%20Support/gdlauncher_next/instances/Lost%20World/mods/MixinBootstrap-1.0.5.jar)
[13:52:06] [main/DEBUG] [mixin]: MixinPlatformAgentDefault accepted container ContainerHandleURI(file:/Users/tristanpoland/Library/Application%20Support/gdlauncher_next/instances/Lost%20World/mods/MixinBootstrap-1.0.5.jar)
[13:52:06] [main/DEBUG] [mixin]: Adding agents for Mixin Container ContainerHandleURI(file:/Users/tristanpoland/Library/Application%20Support/gdlauncher_next/instances/Lost%20World/mods/particleculling-1.12.2-v1.0.1.jar)
[13:52:06] [main/DEBUG] [mixin]: Adding mixin platform agents for container ContainerHandleURI(file:/Users/tristanpoland/Library/Application%20Support/gdlauncher_next/instances/Lost%20World/mods/particleculling-1.12.2-v1.0.1.jar)
[13:52:06] [main/DEBUG] [mixin]: Instancing new MixinPlatformAgentFMLLegacy for ContainerHandleURI(file:/Users/tristanpoland/Library/Application%20Support/gdlauncher_next/instances/Lost%20World/mods/particleculling-1.12.2-v1.0.1.jar)
[13:52:06] [main/DEBUG] [mixin]: ForceLoadAsMod was specified for particleculling-1.12.2-v1.0.1.jar, attempting force-load
[13:52:06] [main/DEBUG] [mixin]: Adding particleculling-1.12.2-v1.0.1.jar to reparseable coremod collection
[13:52:06] [main/DEBUG] [mixin]: particleculling-1.12.2-v1.0.1.jar has core plugin bl4ckscor3.mod.particleculling.ParticleCullingLoadingPlugin. Injecting it into FML for co-initialisation:
[13:52:06] [main/DEBUG] [FML]: Instantiating coremod class ParticleCullingLoadingPlugin
[13:52:06] [main/DEBUG] [FML]: The coremod bl4ckscor3.mod.particleculling.ParticleCullingLoadingPlugin requested minecraft version 1.12.2 and minecraft is 1.12.2. It will be loaded.
[13:52:06] [main/WARN] [FML]: The coremod ParticleCullingLoadingPlugin (bl4ckscor3.mod.particleculling.ParticleCullingLoadingPlugin) is not signed!
[13:52:06] [main/DEBUG] [FML]: Enqueued coremod ParticleCullingLoadingPlugin
[13:52:06] [main/DEBUG] [mixin]: MixinPlatformAgentFMLLegacy accepted container ContainerHandleURI(file:/Users/tristanpoland/Library/Application%20Support/gdlauncher_next/instances/Lost%20World/mods/particleculling-1.12.2-v1.0.1.jar)
[13:52:06] [main/DEBUG] [mixin]: Instancing new MixinPlatformAgentLiteLoaderLegacy for ContainerHandleURI(file:/Users/tristanpoland/Library/Application%20Support/gdlauncher_next/instances/Lost%20World/mods/particleculling-1.12.2-v1.0.1.jar)
[13:52:06] [main/DEBUG] [mixin]: MixinPlatformAgentLiteLoaderLegacy rejected container ContainerHandleURI(file:/Users/tristanpoland/Library/Application%20Support/gdlauncher_next/instances/Lost%20World/mods/particleculling-1.12.2-v1.0.1.jar)
[13:52:06] [main/DEBUG] [mixin]: Instancing new MixinPlatformAgentDefault for ContainerHandleURI(file:/Users/tristanpoland/Library/Application%20Support/gdlauncher_next/instances/Lost%20World/mods/particleculling-1.12.2-v1.0.1.jar)
[13:52:06] [main/DEBUG] [mixin]: MixinPlatformAgentDefault accepted container ContainerHandleURI(file:/Users/tristanpoland/Library/Application%20Support/gdlauncher_next/instances/Lost%20World/mods/particleculling-1.12.2-v1.0.1.jar)
[13:52:06] [main/DEBUG] [mixin]: Adding agents for Mixin Container ContainerHandleURI(file:/Users/tristanpoland/Library/Application%20Support/gdlauncher_next/instances/Lost%20World/mods/performant-1.12.2-1.10.jar)
[13:52:06] [main/DEBUG] [mixin]: Adding mixin platform agents for container ContainerHandleURI(file:/Users/tristanpoland/Library/Application%20Support/gdlauncher_next/instances/Lost%20World/mods/performant-1.12.2-1.10.jar)
[13:52:06] [main/DEBUG] [mixin]: Instancing new MixinPlatformAgentFMLLegacy for ContainerHandleURI(file:/Users/tristanpoland/Library/Application%20Support/gdlauncher_next/instances/Lost%20World/mods/performant-1.12.2-1.10.jar)
[13:52:06] [main/DEBUG] [mixin]: ForceLoadAsMod was specified for performant-1.12.2-1.10.jar, attempting force-load
[13:52:06] [main/DEBUG] [mixin]: Adding performant-1.12.2-1.10.jar to reparseable coremod collection
[13:52:06] [main/DEBUG] [mixin]: performant-1.12.2-1.10.jar has core plugin com.performant.coremod.PerformantLoadingPlugin. Injecting it into FML for co-initialisation:
[13:52:06] [main/DEBUG] [FML]: Instantiating coremod class PerformantLoadingPlugin
[13:52:06] [main/DEBUG] [FML]: The coremod com.performant.coremod.PerformantLoadingPlugin requested minecraft version 1.12.2 and minecraft is 1.12.2. It will be loaded.
[13:52:06] [main/WARN] [FML]: The coremod PerformantLoadingPlugin (com.performant.coremod.PerformantLoadingPlugin) is not signed!
[13:52:06] [main/DEBUG] [FML]: Enqueued coremod PerformantLoadingPlugin
[13:52:06] [main/DEBUG] [mixin]: MixinPlatformAgentFMLLegacy accepted container ContainerHandleURI(file:/Users/tristanpoland/Library/Application%20Support/gdlauncher_next/instances/Lost%20World/mods/performant-1.12.2-1.10.jar)
[13:52:06] [main/DEBUG] [mixin]: Instancing new MixinPlatformAgentLiteLoaderLegacy for ContainerHandleURI(file:/Users/tristanpoland/Library/Application%20Support/gdlauncher_next/instances/Lost%20World/mods/performant-1.12.2-1.10.jar)
[13:52:06] [main/DEBUG] [mixin]: MixinPlatformAgentLiteLoaderLegacy rejected container ContainerHandleURI(file:/Users/tristanpoland/Library/Application%20Support/gdlauncher_next/instances/Lost%20World/mods/performant-1.12.2-1.10.jar)
[13:52:06] [main/DEBUG] [mixin]: Instancing new MixinPlatformAgentDefault for ContainerHandleURI(file:/Users/tristanpoland/Library/Application%20Support/gdlauncher_next/instances/Lost%20World/mods/performant-1.12.2-1.10.jar)
[13:52:06] [main/DEBUG] [mixin]: MixinPlatformAgentDefault accepted container ContainerHandleURI(file:/Users/tristanpoland/Library/Application%20Support/gdlauncher_next/instances/Lost%20World/mods/performant-1.12.2-1.10.jar)
[13:52:06] [main/DEBUG] [mixin]: Adding agents for Mixin Container ContainerHandleURI(file:/Users/tristanpoland/Library/Application%20Support/gdlauncher_next/instances/Lost%20World/mods/phosphor-1.12.2-0.2.6+build50-universal.jar)
[13:52:06] [main/DEBUG] [mixin]: Adding mixin platform agents for container ContainerHandleURI(file:/Users/tristanpoland/Library/Application%20Support/gdlauncher_next/instances/Lost%20World/mods/phosphor-1.12.2-0.2.6+build50-universal.jar)
[13:52:06] [main/DEBUG] [mixin]: Instancing new MixinPlatformAgentFMLLegacy for ContainerHandleURI(file:/Users/tristanpoland/Library/Application%20Support/gdlauncher_next/instances/Lost%20World/mods/phosphor-1.12.2-0.2.6+build50-universal.jar)
[13:52:06] [main/DEBUG] [mixin]: ForceLoadAsMod was specified for phosphor-1.12.2-0.2.6+build50-universal.jar, attempting force-load
[13:52:06] [main/DEBUG] [mixin]: Adding phosphor-1.12.2-0.2.6+build50-universal.jar to reparseable coremod collection
[13:52:06] [main/DEBUG] [mixin]: phosphor-1.12.2-0.2.6+build50-universal.jar has core plugin me.jellysquid.mods.phosphor.core.PhosphorFMLLoadingPlugin. Injecting it into FML for co-initialisation:
[13:52:06] [main/DEBUG] [FML]: Instantiating coremod class PhosphorFMLLoadingPlugin
[13:52:06] [main/DEBUG] [FML]: The coremod me.jellysquid.mods.phosphor.core.PhosphorFMLLoadingPlugin requested minecraft version 1.12.2 and minecraft is 1.12.2. It will be loaded.
[13:52:06] [main/DEBUG] [FML]: Found signing certificates for coremod PhosphorFMLLoadingPlugin (me.jellysquid.mods.phosphor.core.PhosphorFMLLoadingPlugin)
[13:52:06] [main/DEBUG] [FML]: Found certificate f0387d288626cc2d937daa504e74af570c52a2f1
[13:52:06] [main/DEBUG] [FML]: Enqueued coremod PhosphorFMLLoadingPlugin
[13:52:06] [main/DEBUG] [mixin]: MixinPlatformAgentFMLLegacy accepted container ContainerHandleURI(file:/Users/tristanpoland/Library/Application%20Support/gdlauncher_next/instances/Lost%20World/mods/phosphor-1.12.2-0.2.6+build50-universal.jar)
[13:52:06] [main/DEBUG] [mixin]: Instancing new MixinPlatformAgentLiteLoaderLegacy for ContainerHandleURI(file:/Users/tristanpoland/Library/Application%20Support/gdlauncher_next/instances/Lost%20World/mods/phosphor-1.12.2-0.2.6+build50-universal.jar)
[13:52:06] [main/DEBUG] [mixin]: MixinPlatformAgentLiteLoaderLegacy rejected container ContainerHandleURI(file:/Users/tristanpoland/Library/Application%20Support/gdlauncher_next/instances/Lost%20World/mods/phosphor-1.12.2-0.2.6+build50-universal.jar)
[13:52:06] [main/DEBUG] [mixin]: Instancing new MixinPlatformAgentDefault for ContainerHandleURI(file:/Users/tristanpoland/Library/Application%20Support/gdlauncher_next/instances/Lost%20World/mods/phosphor-1.12.2-0.2.6+build50-universal.jar)
[13:52:06] [main/DEBUG] [mixin]: MixinPlatformAgentDefault accepted container ContainerHandleURI(file:/Users/tristanpoland/Library/Application%20Support/gdlauncher_next/instances/Lost%20World/mods/phosphor-1.12.2-0.2.6+build50-universal.jar)
[13:52:06] [main/INFO] [LaunchWrapper]: Loading tweak class name guichaguri.betterfps.tweaker.BetterFpsTweaker
[13:52:06] [main/WARN] [LaunchWrapper]: Tweak class name org.spongepowered.asm.launch.MixinTweaker has already been visited -- skipping
[13:52:06] [main/WARN] [LaunchWrapper]: Tweak class name org.spongepowered.asm.launch.MixinTweaker has already been visited -- skipping
[13:52:06] [main/WARN] [LaunchWrapper]: Tweak class name org.spongepowered.asm.launch.MixinTweaker has already been visited -- skipping
[13:52:06] [main/WARN] [LaunchWrapper]: Tweak class name org.spongepowered.asm.launch.MixinTweaker has already been visited -- skipping
[13:52:06] [main/WARN] [LaunchWrapper]: Tweak class name org.spongepowered.asm.launch.MixinTweaker has already been visited -- skipping
[13:52:06] [main/WARN] [LaunchWrapper]: Tweak class name org.spongepowered.asm.launch.MixinTweaker has already been visited -- skipping
[13:52:06] [main/INFO] [LaunchWrapper]: Loading tweak class name net.minecraftforge.fml.common.launcher.FMLDeobfTweaker
[13:52:06] [main/INFO] [LaunchWrapper]: Calling tweak class net.minecraftforge.fml.common.launcher.FMLInjectionAndSortingTweaker
[13:52:06] [main/INFO] [LaunchWrapper]: Calling tweak class net.minecraftforge.fml.common.launcher.FMLInjectionAndSortingTweaker
[13:52:06] [main/INFO] [LaunchWrapper]: Calling tweak class net.minecraftforge.fml.relauncher.CoreModManager$FMLPluginWrapper
[13:52:06] [main/DEBUG] [FML]: Injecting coremod FMLCorePlugin \{net.minecraftforge.fml.relauncher.FMLCorePlugin\} class transformers
[13:52:06] [main/TRACE] [FML]: Registering transformer net.minecraftforge.fml.common.asm.transformers.SideTransformer
[13:52:06] [main/ERROR] [LaunchWrapper]: A critical problem occurred registering the ASM transformer class $wrapper.net.minecraftforge.fml.common.asm.transformers.SideTransformer
java.lang.ClassNotFoundException: $wrapper.net.minecraftforge.fml.common.asm.transformers.SideTransformer
	at net.minecraft.launchwrapper.LaunchClassLoader.findClass(LaunchClassLoader.java:191) ~[launchwrapper-1.12.jar:?]
	at java.lang.ClassLoader.loadClass(ClassLoader.java:419) ~[?:1.8.0_242]
	at java.lang.ClassLoader.loadClass(ClassLoader.java:352) ~[?:1.8.0_242]
	at net.minecraft.launchwrapper.LaunchClassLoader.registerTransformer(LaunchClassLoader.java:88) [launchwrapper-1.12.jar:?]
	at net.minecraftforge.fml.relauncher.CoreModManager$FMLPluginWrapper.injectIntoClassLoader(CoreModManager.java:132) [forge-1.12.2-14.23.5.2855.jar:?]
	at net.minecraft.launchwrapper.Launch.launch(Launch.java:115) [launchwrapper-1.12.jar:?]
	at net.minecraft.launchwrapper.Launch.main(Launch.java:28) [launchwrapper-1.12.jar:?]
Caused by: java.lang.NoSuchMethodError: org.spongepowered.asm.util.asm.ASM.getMaxSupportedClassVersionMajor()I
	at org.spongepowered.asm.transformers.MixinClassReader.checkClassVersion(MixinClassReader.java:43) ~[_MixinBootstrap-1.1.0.jar:?]
	at org.spongepowered.asm.transformers.MixinClassReader.<init>(MixinClassReader.java:38) ~[_MixinBootstrap-1.1.0.jar:?]
	at org.spongepowered.asm.transformers.TreeTransformer.readClass(TreeTransformer.java:55) ~[_MixinBootstrap-1.1.0.jar:?]
	at org.spongepowered.asm.transformers.TreeTransformer.readClass(TreeTransformer.java:45) ~[_MixinBootstrap-1.1.0.jar:?]
	at org.spongepowered.asm.mixin.transformer.MixinTransformer.transformClass(MixinTransformer.java:233) ~[_MixinBootstrap-1.1.0.jar:?]
	at org.spongepowered.asm.mixin.transformer.MixinTransformer.transformClassBytes(MixinTransformer.java:202) ~[_MixinBootstrap-1.1.0.jar:?]
	at org.spongepowered.asm.mixin.transformer.Proxy.transform(Proxy.java:72) ~[_MixinBootstrap-1.1.0.jar:?]
	at net.minecraft.launchwrapper.LaunchClassLoader.runTransformers(LaunchClassLoader.java:279) ~[launchwrapper-1.12.jar:?]
	at net.minecraft.launchwrapper.LaunchClassLoader.findClass(LaunchClassLoader.java:176) ~[launchwrapper-1.12.jar:?]
	... 6 more
[13:52:06] [main/TRACE] [FML]: Registering transformer net.minecraftforge.fml.common.asm.transformers.EventSubscriptionTransformer
[13:52:06] [main/ERROR] [LaunchWrapper]: A critical problem occurred registering the ASM transformer class $wrapper.net.minecraftforge.fml.common.asm.transformers.EventSubscriptionTransformer
java.lang.ClassNotFoundException: $wrapper.net.minecraftforge.fml.common.asm.transformers.EventSubscriptionTransformer
	at net.minecraft.launchwrapper.LaunchClassLoader.findClass(LaunchClassLoader.java:191) ~[launchwrapper-1.12.jar:?]
	at java.lang.ClassLoader.loadClass(ClassLoader.java:419) ~[?:1.8.0_242]
	at java.lang.ClassLoader.loadClass(ClassLoader.java:352) ~[?:1.8.0_242]
	at net.minecraft.launchwrapper.LaunchClassLoader.registerTransformer(LaunchClassLoader.java:88) [launchwrapper-1.12.jar:?]
	at net.minecraftforge.fml.relauncher.CoreModManager$FMLPluginWrapper.injectIntoClassLoader(CoreModManager.java:132) [forge-1.12.2-14.23.5.2855.jar:?]
	at net.minecraft.launchwrapper.Launch.launch(Launch.java:115) [launchwrapper-1.12.jar:?]
	at net.minecraft.launchwrapper.Launch.main(Launch.java:28) [launchwrapper-1.12.jar:?]
Caused by: java.lang.NoSuchMethodError: org.spongepowered.asm.util.asm.ASM.getMaxSupportedClassVersionMajor()I
	at org.spongepowered.asm.transformers.MixinClassReader.checkClassVersion(MixinClassReader.java:43) ~[_MixinBootstrap-1.1.0.jar:?]
	at org.spongepowered.asm.transformers.MixinClassReader.<init>(MixinClassReader.java:38) ~[_MixinBootstrap-1.1.0.jar:?]
	at org.spongepowered.asm.transformers.TreeTransformer.readClass(TreeTransformer.java:55) ~[_MixinBootstrap-1.1.0.jar:?]
	at org.spongepowered.asm.transformers.TreeTransformer.readClass(TreeTransformer.java:45) ~[_MixinBootstrap-1.1.0.jar:?]
	at org.spongepowered.asm.mixin.transformer.MixinTransformer.transformClass(MixinTransformer.java:233) ~[_MixinBootstrap-1.1.0.jar:?]
	at org.spongepowered.asm.mixin.transformer.MixinTransformer.transformClassBytes(MixinTransformer.java:202) ~[_MixinBootstrap-1.1.0.jar:?]
	at org.spongepowered.asm.mixin.transformer.Proxy.transform(Proxy.java:72) ~[_MixinBootstrap-1.1.0.jar:?]
	at net.minecraft.launchwrapper.LaunchClassLoader.runTransformers(LaunchClassLoader.java:279) ~[launchwrapper-1.12.jar:?]
	at net.minecraft.launchwrapper.LaunchClassLoader.findClass(LaunchClassLoader.java:176) ~[launchwrapper-1.12.jar:?]
	... 6 more
[13:52:06] [main/TRACE] [FML]: Registering transformer net.minecraftforge.fml.common.asm.transformers.EventSubscriberTransformer
[13:52:06] [main/ERROR] [LaunchWrapper]: A critical problem occurred registering the ASM transformer class $wrapper.net.minecraftforge.fml.common.asm.transformers.EventSubscriberTransformer
java.lang.ClassNotFoundException: $wrapper.net.minecraftforge.fml.common.asm.transformers.EventSubscriberTransformer
	at net.minecraft.launchwrapper.LaunchClassLoader.findClass(LaunchClassLoader.java:191) ~[launchwrapper-1.12.jar:?]
	at java.lang.ClassLoader.loadClass(ClassLoader.java:419) ~[?:1.8.0_242]
	at java.lang.ClassLoader.loadClass(ClassLoader.java:352) ~[?:1.8.0_242]
	at net.minecraft.launchwrapper.LaunchClassLoader.registerTransformer(LaunchClassLoader.java:88) [launchwrapper-1.12.jar:?]
	at net.minecraftforge.fml.relauncher.CoreModManager$FMLPluginWrapper.injectIntoClassLoader(CoreModManager.java:132) [forge-1.12.2-14.23.5.2855.jar:?]
	at net.minecraft.launchwrapper.Launch.launch(Launch.java:115) [launchwrapper-1.12.jar:?]
	at net.minecraft.launchwrapper.Launch.main(Launch.java:28) [launchwrapper-1.12.jar:?]
Caused by: java.lang.NoSuchMethodError: org.spongepowered.asm.util.asm.ASM.getMaxSupportedClassVersionMajor()I
	at org.spongepowered.asm.transformers.MixinClassReader.checkClassVersion(MixinClassReader.java:43) ~[_MixinBootstrap-1.1.0.jar:?]
	at org.spongepowered.asm.transformers.MixinClassReader.<init>(MixinClassReader.java:38) ~[_MixinBootstrap-1.1.0.jar:?]
	at org.spongepowered.asm.transformers.TreeTransformer.readClass(TreeTransformer.java:55) ~[_MixinBootstrap-1.1.0.jar:?]
	at org.spongepowered.asm.transformers.TreeTransformer.readClass(TreeTransformer.java:45) ~[_MixinBootstrap-1.1.0.jar:?]
	at org.spongepowered.asm.mixin.transformer.MixinTransformer.transformClass(MixinTransformer.java:233) ~[_MixinBootstrap-1.1.0.jar:?]
	at org.spongepowered.asm.mixin.transformer.MixinTransformer.transformClassBytes(MixinTransformer.java:202) ~[_MixinBootstrap-1.1.0.jar:?]
	at org.spongepowered.asm.mixin.transformer.Proxy.transform(Proxy.java:72) ~[_MixinBootstrap-1.1.0.jar:?]
	at net.minecraft.launchwrapper.LaunchClassLoader.runTransformers(LaunchClassLoader.java:279) ~[launchwrapper-1.12.jar:?]
	at net.minecraft.launchwrapper.LaunchClassLoader.findClass(LaunchClassLoader.java:176) ~[launchwrapper-1.12.jar:?]
	... 6 more
[13:52:06] [main/TRACE] [FML]: Registering transformer net.minecraftforge.fml.common.asm.transformers.SoundEngineFixTransformer
[13:52:06] [main/ERROR] [LaunchWrapper]: A critical problem occurred registering the ASM transformer class $wrapper.net.minecraftforge.fml.common.asm.transformers.SoundEngineFixTransformer
java.lang.ClassNotFoundException: $wrapper.net.minecraftforge.fml.common.asm.transformers.SoundEngineFixTransformer
	at net.minecraft.launchwrapper.LaunchClassLoader.findClass(LaunchClassLoader.java:191) ~[launchwrapper-1.12.jar:?]
	at java.lang.ClassLoader.loadClass(ClassLoader.java:419) ~[?:1.8.0_242]
	at java.lang.ClassLoader.loadClass(ClassLoader.java:352) ~[?:1.8.0_242]
	at net.minecraft.launchwrapper.LaunchClassLoader.registerTransformer(LaunchClassLoader.java:88) [launchwrapper-1.12.jar:?]
	at net.minecraftforge.fml.relauncher.CoreModManager$FMLPluginWrapper.injectIntoClassLoader(CoreModManager.java:132) [forge-1.12.2-14.23.5.2855.jar:?]
	at net.minecraft.launchwrapper.Launch.launch(Launch.java:115) [launchwrapper-1.12.jar:?]
	at net.minecraft.launchwrapper.Launch.main(Launch.java:28) [launchwrapper-1.12.jar:?]
Caused by: java.lang.NoSuchMethodError: org.spongepowered.asm.util.asm.ASM.getMaxSupportedClassVersionMajor()I
	at org.spongepowered.asm.transformers.MixinClassReader.checkClassVersion(MixinClassReader.java:43) ~[_MixinBootstrap-1.1.0.jar:?]
	at org.spongepowered.asm.transformers.MixinClassReader.<init>(MixinClassReader.java:38) ~[_MixinBootstrap-1.1.0.jar:?]
	at org.spongepowered.asm.transformers.TreeTransformer.readClass(TreeTransformer.java:55) ~[_MixinBootstrap-1.1.0.jar:?]
	at org.spongepowered.asm.transformers.TreeTransformer.readClass(TreeTransformer.java:45) ~[_MixinBootstrap-1.1.0.jar:?]
	at org.spongepowered.asm.mixin.transformer.MixinTransformer.transformClass(MixinTransformer.java:233) ~[_MixinBootstrap-1.1.0.jar:?]
	at org.spongepowered.asm.mixin.transformer.MixinTransformer.transformClassBytes(MixinTransformer.java:202) ~[_MixinBootstrap-1.1.0.jar:?]
	at org.spongepowered.asm.mixin.transformer.Proxy.transform(Proxy.java:72) ~[_MixinBootstrap-1.1.0.jar:?]
	at net.minecraft.launchwrapper.LaunchClassLoader.runTransformers(LaunchClassLoader.java:279) ~[launchwrapper-1.12.jar:?]
	at net.minecraft.launchwrapper.LaunchClassLoader.findClass(LaunchClassLoader.java:176) ~[launchwrapper-1.12.jar:?]
	... 6 more
[13:52:06] [main/DEBUG] [FML]: Injection complete
[13:52:06] [main/DEBUG] [FML]: Running coremod plugin for FMLCorePlugin \{net.minecraftforge.fml.relauncher.FMLCorePlugin\}
[13:52:06] [main/DEBUG] [FML]: Running coremod plugin FMLCorePlugin
[13:52:06] [main/ERROR] [LaunchWrapper]: Unable to launch
java.lang.RuntimeException: java.lang.ClassNotFoundException: net.minecraftforge.fml.common.asm.FMLSanityChecker
	at net.minecraftforge.fml.relauncher.CoreModManager$FMLPluginWrapper.injectIntoClassLoader(CoreModManager.java:169) ~[forge-1.12.2-14.23.5.2855.jar:?]
	at net.minecraft.launchwrapper.Launch.launch(Launch.java:115) [launchwrapper-1.12.jar:?]
	at net.minecraft.launchwrapper.Launch.main(Launch.java:28) [launchwrapper-1.12.jar:?]
Caused by: java.lang.ClassNotFoundException: net.minecraftforge.fml.common.asm.FMLSanityChecker
	at net.minecraft.launchwrapper.LaunchClassLoader.findClass(LaunchClassLoader.java:191) ~[launchwrapper-1.12.jar:?]
	at java.lang.ClassLoader.loadClass(ClassLoader.java:419) ~[?:1.8.0_242]
	at java.lang.ClassLoader.loadClass(ClassLoader.java:352) ~[?:1.8.0_242]
	at java.lang.Class.forName0(Native Method) ~[?:1.8.0_242]
	at java.lang.Class.forName(Class.java:348) ~[?:1.8.0_242]
	at net.minecraftforge.fml.relauncher.CoreModManager$FMLPluginWrapper.injectIntoClassLoader(CoreModManager.java:157) ~[forge-1.12.2-14.23.5.2855.jar:?]
	... 2 more
Caused by: java.lang.NoSuchMethodError: org.spongepowered.asm.util.asm.ASM.getMaxSupportedClassVersionMajor()I
	at org.spongepowered.asm.transformers.MixinClassReader.checkClassVersion(MixinClassReader.java:43) ~[_MixinBootstrap-1.1.0.jar:?]
	at org.spongepowered.asm.transformers.MixinClassReader.<init>(MixinClassReader.java:38) ~[_MixinBootstrap-1.1.0.jar:?]
	at org.spongepowered.asm.transformers.TreeTransformer.readClass(TreeTransformer.java:55) ~[_MixinBootstrap-1.1.0.jar:?]
	at org.spongepowered.asm.transformers.TreeTransformer.readClass(TreeTransformer.java:45) ~[_MixinBootstrap-1.1.0.jar:?]
	at org.spongepowered.asm.mixin.transformer.MixinTransformer.transformClass(MixinTransformer.java:233) ~[_MixinBootstrap-1.1.0.jar:?]
	at org.spongepowered.asm.mixin.transformer.MixinTransformer.transformClassBytes(MixinTransformer.java:202) ~[_MixinBootstrap-1.1.0.jar:?]
	at org.spongepowered.asm.mixin.transformer.Proxy.transform(Proxy.java:72) ~[_MixinBootstrap-1.1.0.jar:?]
	at net.minecraft.launchwrapper.LaunchClassLoader.runTransformers(LaunchClassLoader.java:279) ~[launchwrapper-1.12.jar:?]
	at net.minecraft.launchwrapper.LaunchClassLoader.findClass(LaunchClassLoader.java:176) ~[launchwrapper-1.12.jar:?]
	at java.lang.ClassLoader.loadClass(ClassLoader.java:419) ~[?:1.8.0_242]
	at java.lang.ClassLoader.loadClass(ClassLoader.java:352) ~[?:1.8.0_242]
	at java.lang.Class.forName0(Native Method) ~[?:1.8.0_242]
	at java.lang.Class.forName(Class.java:348) ~[?:1.8.0_242]
	at net.minecraftforge.fml.relauncher.CoreModManager$FMLPluginWrapper.injectIntoClassLoader(CoreModManager.java:157) ~[forge-1.12.2-14.23.5.2855.jar:?]
	... 2 more
[13:52:06] [main/INFO] [STDERR]: [java.lang.ThreadGroup:uncaughtException:1052]: net.minecraftforge.fml.relauncher.FMLSecurityManager$ExitTrappedException
[13:52:06] [main/INFO] [STDERR]: [java.lang.ThreadGroup:uncaughtException:1052]: 	at net.minecraftforge.fml.relauncher.FMLSecurityManager.checkPermission(FMLSecurityManager.java:49)
[13:52:06] [main/INFO] [STDERR]: [java.lang.ThreadGroup:uncaughtException:1052]: 	at java.lang.SecurityManager.checkExit(SecurityManager.java:761)
[13:52:06] [main/INFO] [STDERR]: [java.lang.ThreadGroup:uncaughtException:1052]: 	at java.lang.Runtime.exit(Runtime.java:108)
[13:52:06] [main/INFO] [STDERR]: [java.lang.ThreadGroup:uncaughtException:1052]: 	at java.lang.System.exit(System.java:973)
[13:52:06] [main/INFO] [STDERR]: [java.lang.ThreadGroup:uncaughtException:1052]: 	at net.minecraft.launchwrapper.Launch.launch(Launch.java:138)
[13:52:06] [main/INFO] [STDERR]: [java.lang.ThreadGroup:uncaughtException:1052]: 	at net.minecraft.launchwrapper.Launch.main(Launch.java:28)
