[13:52:02] [main/INFO] [LaunchWrapper]: Loading tweak class name net.minecraftforge.fml.common.launcher.FMLTweaker
[13:52:02] [main/INFO] [LaunchWrapper]: Using primary tweak class name net.minecraftforge.fml.common.launcher.FMLTweaker
[13:52:02] [main/INFO] [LaunchWrapper]: Calling tweak class net.minecraftforge.fml.common.launcher.FMLTweaker
[13:52:03] [main/INFO] [FML]: Forge Mod Loader version 14.23.5.2855 for Minecraft 1.12.2 loading
[13:52:03] [main/INFO] [FML]: Java is OpenJDK 64-Bit Server VM, version 1.8.0_242, running on Mac OS X:x86_64:10.16, installed at /Users/tristanpoland/Library/Application Support/gdlauncher_next/java/8u242-b08
[13:52:04] [main/INFO] [FML]: Searching /Users/tristanpoland/Library/Application Support/gdlauncher_next/instances/Lost World/mods for mods
[13:52:04] [main/INFO] [FML]: Searching /Users/tristanpoland/Library/Application Support/gdlauncher_next/instances/Lost World/mods/1.12.2 for mods
[13:52:04] [main/INFO] [FML]: Loading tweaker org.spongepowered.asm.launch.MixinTweaker from _MixinBootstrap-1.1.0.jar
[13:52:04] [main/INFO] [FML]: Loading tweaker guichaguri.betterfps.tweaker.BetterFpsTweaker from BetterFps-1.4.8.jar
[13:52:04] [main/WARN] [FML]: Found FMLCorePluginContainsFMLMod marker in ChunkAnimator-MC1.12-1.2.jar. This is not recommended, @Mods should be in a separate jar from the coremod.
[13:52:04] [main/WARN] [FML]: The coremod lumien.chunkanimator.asm.LoadingPlugin does not have a MCVersion annotation, it may cause issues with this version of Minecraft
[13:52:04] [main/WARN] [FML]: The coremod LoadingPlugin (lumien.chunkanimator.asm.LoadingPlugin) is not signed!
[13:52:04] [main/WARN] [FML]: Found FMLCorePluginContainsFMLMod marker in CreativeCore_v1.10.62_mc1.12.2.jar. This is not recommended, @Mods should be in a separate jar from the coremod.
[13:52:04] [main/WARN] [FML]: The coremod com.creativemd.creativecore.core.CreativePatchingLoader does not have a MCVersion annotation, it may cause issues with this version of Minecraft
[13:52:04] [main/WARN] [FML]: The coremod CreativePatchingLoader (com.creativemd.creativecore.core.CreativePatchingLoader) is not signed!
[13:52:04] [main/WARN] [FML]: Found FMLCorePluginContainsFMLMod marker in CustomLoadingScreen-1.12.2-1.4.1.jar. This is not recommended, @Mods should be in a separate jar from the coremod.
[13:52:04] [main/WARN] [FML]: The coremod ClsPlugin (alexiil.mc.mod.load.coremod.ClsPlugin) is not signed!
[13:52:04] [main/INFO] [FML]: Loading tweaker org.spongepowered.asm.launch.MixinTweaker from DynamicSurroundings-1.12.2-3.6.1.0.jar
[13:52:04] [main/WARN] [FML]: Found FMLCorePluginContainsFMLMod marker in EntityCulling-1.12.2-4.1.5.jar. This is not recommended, @Mods should be in a separate jar from the coremod.
[13:52:04] [main/WARN] [FML]: The coremod EntityCullingPlugin (meldexun.entityculling.plugin.EntityCullingPlugin) is not signed!
[13:52:04] [main/INFO] [FML]: Loading tweaker org.spongepowered.asm.launch.MixinTweaker from fancymenu_2.2.2_MC_1.12-1.12.2.jar
[13:52:04] [main/WARN] [FML]: Found FMLCorePluginContainsFMLMod marker in foamfix-0.10.14-1.12.2.jar. This is not recommended, @Mods should be in a separate jar from the coremod.
[13:52:04] [main/WARN] [FML]: The coremod pl.asie.foamfix.coremod.FoamFixCore does not have a MCVersion annotation, it may cause issues with this version of Minecraft
[13:52:04] [main/WARN] [FML]: Found FMLCorePluginContainsFMLMod marker in LittleTiles_v1.5.19_mc1.12.2.jar. This is not recommended, @Mods should be in a separate jar from the coremod.
[13:52:04] [main/WARN] [FML]: The coremod com.creativemd.littletiles.LittlePatchingLoader does not have a MCVersion annotation, it may cause issues with this version of Minecraft
[13:52:04] [main/WARN] [FML]: The coremod LittlePatchingLoader (com.creativemd.littletiles.LittlePatchingLoader) is not signed!
[13:52:04] [main/INFO] [FML]: Loading tweaker org.spongepowered.asm.launch.MixinTweaker from MixinBootstrap-1.0.5.jar
[13:52:04] [main/WARN] [FML]: The coremod OTGCorePlugin (com.pg85.otg.forge.asm.excluded.launch.OTGCorePlugin) is not signed!
[13:52:04] [main/INFO] [FML]: Loading tweaker org.spongepowered.asm.launch.MixinTweaker from particleculling-1.12.2-v1.0.1.jar
[13:52:04] [main/INFO] [FML]: Loading tweaker org.spongepowered.asm.launch.MixinTweaker from performant-1.12.2-1.10.jar
[13:52:04] [main/WARN] [FML]: Found FMLCorePluginContainsFMLMod marker in Xaeros_Minimap_21.15.0.1_Forge_1.12.jar. This is not recommended, @Mods should be in a separate jar from the coremod.
[13:52:04] [main/WARN] [FML]: The coremod XaeroMinimapPlugin (xaero.common.core.XaeroMinimapPlugin) is not signed!
[13:52:04] [main/WARN] [FML]: Found FMLCorePluginContainsFMLMod marker in XaerosWorldMap_1.16.0_Forge_1.12.jar. This is not recommended, @Mods should be in a separate jar from the coremod.
[13:52:04] [main/WARN] [FML]: The coremod XaeroWorldMapPlugin (xaero.map.core.XaeroWorldMapPlugin) is not signed!
[13:52:05] [main/INFO] [FML]: Loading tweaker org.spongepowered.asm.launch.MixinTweaker from phosphor-1.12.2-0.2.6+build50-universal.jar
[13:52:05] [main/WARN] [FML]: The coremod blusunrize.immersiveengineering.common.asm.IELoadingPlugin does not have a MCVersion annotation, it may cause issues with this version of Minecraft
[13:52:05] [main/WARN] [FML]: The coremod IELoadingPlugin (blusunrize.immersiveengineering.common.asm.IELoadingPlugin) is not signed!
[13:52:05] [main/INFO] [LaunchWrapper]: Loading tweak class name net.minecraftforge.fml.common.launcher.FMLInjectionAndSortingTweaker
[13:52:05] [main/INFO] [LaunchWrapper]: Loading tweak class name org.spongepowered.asm.launch.MixinTweaker
[13:52:05] [main/INFO] [mixin]: SpongePowered MIXIN Subsystem Version=0.8.4 Source=file:/Users/tristanpoland/Library/Application%20Support/gdlauncher_next/instances/Lost%20World/mods/_MixinBootstrap-1.1.0.jar Service=LaunchWrapper Env=CLIENT
[13:52:06] [main/INFO] [mixin]: Compatibility level set to JAVA_8
[13:52:06] [main/WARN] [FML]: The coremod ParticleCullingLoadingPlugin (bl4ckscor3.mod.particleculling.ParticleCullingLoadingPlugin) is not signed!
[13:52:06] [main/WARN] [FML]: The coremod PerformantLoadingPlugin (com.performant.coremod.PerformantLoadingPlugin) is not signed!
[13:52:06] [main/INFO] [LaunchWrapper]: Loading tweak class name guichaguri.betterfps.tweaker.BetterFpsTweaker
[13:52:06] [main/WARN] [LaunchWrapper]: Tweak class name org.spongepowered.asm.launch.MixinTweaker has already been visited -- skipping
[13:52:06] [main/WARN] [LaunchWrapper]: Tweak class name org.spongepowered.asm.launch.MixinTweaker has already been visited -- skipping
[13:52:06] [main/WARN] [LaunchWrapper]: Tweak class name org.spongepowered.asm.launch.MixinTweaker has already been visited -- skipping
[13:52:06] [main/WARN] [LaunchWrapper]: Tweak class name org.spongepowered.asm.launch.MixinTweaker has already been visited -- skipping
[13:52:06] [main/WARN] [LaunchWrapper]: Tweak class name org.spongepowered.asm.launch.MixinTweaker has already been visited -- skipping
[13:52:06] [main/WARN] [LaunchWrapper]: Tweak class name org.spongepowered.asm.launch.MixinTweaker has already been visited -- skipping
[13:52:06] [main/INFO] [LaunchWrapper]: Loading tweak class name net.minecraftforge.fml.common.launcher.FMLDeobfTweaker
[13:52:06] [main/INFO] [LaunchWrapper]: Calling tweak class net.minecraftforge.fml.common.launcher.FMLInjectionAndSortingTweaker
[13:52:06] [main/INFO] [LaunchWrapper]: Calling tweak class net.minecraftforge.fml.common.launcher.FMLInjectionAndSortingTweaker
[13:52:06] [main/INFO] [LaunchWrapper]: Calling tweak class net.minecraftforge.fml.relauncher.CoreModManager$FMLPluginWrapper
[13:52:06] [main/ERROR] [LaunchWrapper]: A critical problem occurred registering the ASM transformer class $wrapper.net.minecraftforge.fml.common.asm.transformers.SideTransformer
java.lang.ClassNotFoundException: $wrapper.net.minecraftforge.fml.common.asm.transformers.SideTransformer
	at net.minecraft.launchwrapper.LaunchClassLoader.findClass(LaunchClassLoader.java:191) ~[launchwrapper-1.12.jar:?]
	at java.lang.ClassLoader.loadClass(ClassLoader.java:419) ~[?:1.8.0_242]
	at java.lang.ClassLoader.loadClass(ClassLoader.java:352) ~[?:1.8.0_242]
	at net.minecraft.launchwrapper.LaunchClassLoader.registerTransformer(LaunchClassLoader.java:88) [launchwrapper-1.12.jar:?]
	at net.minecraftforge.fml.relauncher.CoreModManager$FMLPluginWrapper.injectIntoClassLoader(CoreModManager.java:132) [forge-1.12.2-14.23.5.2855.jar:?]
	at net.minecraft.launchwrapper.Launch.launch(Launch.java:115) [launchwrapper-1.12.jar:?]
	at net.minecraft.launchwrapper.Launch.main(Launch.java:28) [launchwrapper-1.12.jar:?]
Caused by: java.lang.NoSuchMethodError: org.spongepowered.asm.util.asm.ASM.getMaxSupportedClassVersionMajor()I
	at org.spongepowered.asm.transformers.MixinClassReader.checkClassVersion(MixinClassReader.java:43) ~[_MixinBootstrap-1.1.0.jar:?]
	at org.spongepowered.asm.transformers.MixinClassReader.<init>(MixinClassReader.java:38) ~[_MixinBootstrap-1.1.0.jar:?]
	at org.spongepowered.asm.transformers.TreeTransformer.readClass(TreeTransformer.java:55) ~[_MixinBootstrap-1.1.0.jar:?]
	at org.spongepowered.asm.transformers.TreeTransformer.readClass(TreeTransformer.java:45) ~[_MixinBootstrap-1.1.0.jar:?]
	at org.spongepowered.asm.mixin.transformer.MixinTransformer.transformClass(MixinTransformer.java:233) ~[_MixinBootstrap-1.1.0.jar:?]
	at org.spongepowered.asm.mixin.transformer.MixinTransformer.transformClassBytes(MixinTransformer.java:202) ~[_MixinBootstrap-1.1.0.jar:?]
	at org.spongepowered.asm.mixin.transformer.Proxy.transform(Proxy.java:72) ~[_MixinBootstrap-1.1.0.jar:?]
	at net.minecraft.launchwrapper.LaunchClassLoader.runTransformers(LaunchClassLoader.java:279) ~[launchwrapper-1.12.jar:?]
	at net.minecraft.launchwrapper.LaunchClassLoader.findClass(LaunchClassLoader.java:176) ~[launchwrapper-1.12.jar:?]
	... 6 more
[13:52:06] [main/ERROR] [LaunchWrapper]: A critical problem occurred registering the ASM transformer class $wrapper.net.minecraftforge.fml.common.asm.transformers.EventSubscriptionTransformer
java.lang.ClassNotFoundException: $wrapper.net.minecraftforge.fml.common.asm.transformers.EventSubscriptionTransformer
	at net.minecraft.launchwrapper.LaunchClassLoader.findClass(LaunchClassLoader.java:191) ~[launchwrapper-1.12.jar:?]
	at java.lang.ClassLoader.loadClass(ClassLoader.java:419) ~[?:1.8.0_242]
	at java.lang.ClassLoader.loadClass(ClassLoader.java:352) ~[?:1.8.0_242]
	at net.minecraft.launchwrapper.LaunchClassLoader.registerTransformer(LaunchClassLoader.java:88) [launchwrapper-1.12.jar:?]
	at net.minecraftforge.fml.relauncher.CoreModManager$FMLPluginWrapper.injectIntoClassLoader(CoreModManager.java:132) [forge-1.12.2-14.23.5.2855.jar:?]
	at net.minecraft.launchwrapper.Launch.launch(Launch.java:115) [launchwrapper-1.12.jar:?]
	at net.minecraft.launchwrapper.Launch.main(Launch.java:28) [launchwrapper-1.12.jar:?]
Caused by: java.lang.NoSuchMethodError: org.spongepowered.asm.util.asm.ASM.getMaxSupportedClassVersionMajor()I
	at org.spongepowered.asm.transformers.MixinClassReader.checkClassVersion(MixinClassReader.java:43) ~[_MixinBootstrap-1.1.0.jar:?]
	at org.spongepowered.asm.transformers.MixinClassReader.<init>(MixinClassReader.java:38) ~[_MixinBootstrap-1.1.0.jar:?]
	at org.spongepowered.asm.transformers.TreeTransformer.readClass(TreeTransformer.java:55) ~[_MixinBootstrap-1.1.0.jar:?]
	at org.spongepowered.asm.transformers.TreeTransformer.readClass(TreeTransformer.java:45) ~[_MixinBootstrap-1.1.0.jar:?]
	at org.spongepowered.asm.mixin.transformer.MixinTransformer.transformClass(MixinTransformer.java:233) ~[_MixinBootstrap-1.1.0.jar:?]
	at org.spongepowered.asm.mixin.transformer.MixinTransformer.transformClassBytes(MixinTransformer.java:202) ~[_MixinBootstrap-1.1.0.jar:?]
	at org.spongepowered.asm.mixin.transformer.Proxy.transform(Proxy.java:72) ~[_MixinBootstrap-1.1.0.jar:?]
	at net.minecraft.launchwrapper.LaunchClassLoader.runTransformers(LaunchClassLoader.java:279) ~[launchwrapper-1.12.jar:?]
	at net.minecraft.launchwrapper.LaunchClassLoader.findClass(LaunchClassLoader.java:176) ~[launchwrapper-1.12.jar:?]
	... 6 more
[13:52:06] [main/ERROR] [LaunchWrapper]: A critical problem occurred registering the ASM transformer class $wrapper.net.minecraftforge.fml.common.asm.transformers.EventSubscriberTransformer
java.lang.ClassNotFoundException: $wrapper.net.minecraftforge.fml.common.asm.transformers.EventSubscriberTransformer
	at net.minecraft.launchwrapper.LaunchClassLoader.findClass(LaunchClassLoader.java:191) ~[launchwrapper-1.12.jar:?]
	at java.lang.ClassLoader.loadClass(ClassLoader.java:419) ~[?:1.8.0_242]
	at java.lang.ClassLoader.loadClass(ClassLoader.java:352) ~[?:1.8.0_242]
	at net.minecraft.launchwrapper.LaunchClassLoader.registerTransformer(LaunchClassLoader.java:88) [launchwrapper-1.12.jar:?]
	at net.minecraftforge.fml.relauncher.CoreModManager$FMLPluginWrapper.injectIntoClassLoader(CoreModManager.java:132) [forge-1.12.2-14.23.5.2855.jar:?]
	at net.minecraft.launchwrapper.Launch.launch(Launch.java:115) [launchwrapper-1.12.jar:?]
	at net.minecraft.launchwrapper.Launch.main(Launch.java:28) [launchwrapper-1.12.jar:?]
Caused by: java.lang.NoSuchMethodError: org.spongepowered.asm.util.asm.ASM.getMaxSupportedClassVersionMajor()I
	at org.spongepowered.asm.transformers.MixinClassReader.checkClassVersion(MixinClassReader.java:43) ~[_MixinBootstrap-1.1.0.jar:?]
	at org.spongepowered.asm.transformers.MixinClassReader.<init>(MixinClassReader.java:38) ~[_MixinBootstrap-1.1.0.jar:?]
	at org.spongepowered.asm.transformers.TreeTransformer.readClass(TreeTransformer.java:55) ~[_MixinBootstrap-1.1.0.jar:?]
	at org.spongepowered.asm.transformers.TreeTransformer.readClass(TreeTransformer.java:45) ~[_MixinBootstrap-1.1.0.jar:?]
	at org.spongepowered.asm.mixin.transformer.MixinTransformer.transformClass(MixinTransformer.java:233) ~[_MixinBootstrap-1.1.0.jar:?]
	at org.spongepowered.asm.mixin.transformer.MixinTransformer.transformClassBytes(MixinTransformer.java:202) ~[_MixinBootstrap-1.1.0.jar:?]
	at org.spongepowered.asm.mixin.transformer.Proxy.transform(Proxy.java:72) ~[_MixinBootstrap-1.1.0.jar:?]
	at net.minecraft.launchwrapper.LaunchClassLoader.runTransformers(LaunchClassLoader.java:279) ~[launchwrapper-1.12.jar:?]
	at net.minecraft.launchwrapper.LaunchClassLoader.findClass(LaunchClassLoader.java:176) ~[launchwrapper-1.12.jar:?]
	... 6 more
[13:52:06] [main/ERROR] [LaunchWrapper]: A critical problem occurred registering the ASM transformer class $wrapper.net.minecraftforge.fml.common.asm.transformers.SoundEngineFixTransformer
java.lang.ClassNotFoundException: $wrapper.net.minecraftforge.fml.common.asm.transformers.SoundEngineFixTransformer
	at net.minecraft.launchwrapper.LaunchClassLoader.findClass(LaunchClassLoader.java:191) ~[launchwrapper-1.12.jar:?]
	at java.lang.ClassLoader.loadClass(ClassLoader.java:419) ~[?:1.8.0_242]
	at java.lang.ClassLoader.loadClass(ClassLoader.java:352) ~[?:1.8.0_242]
	at net.minecraft.launchwrapper.LaunchClassLoader.registerTransformer(LaunchClassLoader.java:88) [launchwrapper-1.12.jar:?]
	at net.minecraftforge.fml.relauncher.CoreModManager$FMLPluginWrapper.injectIntoClassLoader(CoreModManager.java:132) [forge-1.12.2-14.23.5.2855.jar:?]
	at net.minecraft.launchwrapper.Launch.launch(Launch.java:115) [launchwrapper-1.12.jar:?]
	at net.minecraft.launchwrapper.Launch.main(Launch.java:28) [launchwrapper-1.12.jar:?]
Caused by: java.lang.NoSuchMethodError: org.spongepowered.asm.util.asm.ASM.getMaxSupportedClassVersionMajor()I
	at org.spongepowered.asm.transformers.MixinClassReader.checkClassVersion(MixinClassReader.java:43) ~[_MixinBootstrap-1.1.0.jar:?]
	at org.spongepowered.asm.transformers.MixinClassReader.<init>(MixinClassReader.java:38) ~[_MixinBootstrap-1.1.0.jar:?]
	at org.spongepowered.asm.transformers.TreeTransformer.readClass(TreeTransformer.java:55) ~[_MixinBootstrap-1.1.0.jar:?]
	at org.spongepowered.asm.transformers.TreeTransformer.readClass(TreeTransformer.java:45) ~[_MixinBootstrap-1.1.0.jar:?]
	at org.spongepowered.asm.mixin.transformer.MixinTransformer.transformClass(MixinTransformer.java:233) ~[_MixinBootstrap-1.1.0.jar:?]
	at org.spongepowered.asm.mixin.transformer.MixinTransformer.transformClassBytes(MixinTransformer.java:202) ~[_MixinBootstrap-1.1.0.jar:?]
	at org.spongepowered.asm.mixin.transformer.Proxy.transform(Proxy.java:72) ~[_MixinBootstrap-1.1.0.jar:?]
	at net.minecraft.launchwrapper.LaunchClassLoader.runTransformers(LaunchClassLoader.java:279) ~[launchwrapper-1.12.jar:?]
	at net.minecraft.launchwrapper.LaunchClassLoader.findClass(LaunchClassLoader.java:176) ~[launchwrapper-1.12.jar:?]
	... 6 more
[13:52:06] [main/ERROR] [LaunchWrapper]: Unable to launch
java.lang.RuntimeException: java.lang.ClassNotFoundException: net.minecraftforge.fml.common.asm.FMLSanityChecker
	at net.minecraftforge.fml.relauncher.CoreModManager$FMLPluginWrapper.injectIntoClassLoader(CoreModManager.java:169) ~[forge-1.12.2-14.23.5.2855.jar:?]
	at net.minecraft.launchwrapper.Launch.launch(Launch.java:115) [launchwrapper-1.12.jar:?]
	at net.minecraft.launchwrapper.Launch.main(Launch.java:28) [launchwrapper-1.12.jar:?]
Caused by: java.lang.ClassNotFoundException: net.minecraftforge.fml.common.asm.FMLSanityChecker
	at net.minecraft.launchwrapper.LaunchClassLoader.findClass(LaunchClassLoader.java:191) ~[launchwrapper-1.12.jar:?]
	at java.lang.ClassLoader.loadClass(ClassLoader.java:419) ~[?:1.8.0_242]
	at java.lang.ClassLoader.loadClass(ClassLoader.java:352) ~[?:1.8.0_242]
	at java.lang.Class.forName0(Native Method) ~[?:1.8.0_242]
	at java.lang.Class.forName(Class.java:348) ~[?:1.8.0_242]
	at net.minecraftforge.fml.relauncher.CoreModManager$FMLPluginWrapper.injectIntoClassLoader(CoreModManager.java:157) ~[forge-1.12.2-14.23.5.2855.jar:?]
	... 2 more
Caused by: java.lang.NoSuchMethodError: org.spongepowered.asm.util.asm.ASM.getMaxSupportedClassVersionMajor()I
	at org.spongepowered.asm.transformers.MixinClassReader.checkClassVersion(MixinClassReader.java:43) ~[_MixinBootstrap-1.1.0.jar:?]
	at org.spongepowered.asm.transformers.MixinClassReader.<init>(MixinClassReader.java:38) ~[_MixinBootstrap-1.1.0.jar:?]
	at org.spongepowered.asm.transformers.TreeTransformer.readClass(TreeTransformer.java:55) ~[_MixinBootstrap-1.1.0.jar:?]
	at org.spongepowered.asm.transformers.TreeTransformer.readClass(TreeTransformer.java:45) ~[_MixinBootstrap-1.1.0.jar:?]
	at org.spongepowered.asm.mixin.transformer.MixinTransformer.transformClass(MixinTransformer.java:233) ~[_MixinBootstrap-1.1.0.jar:?]
	at org.spongepowered.asm.mixin.transformer.MixinTransformer.transformClassBytes(MixinTransformer.java:202) ~[_MixinBootstrap-1.1.0.jar:?]
	at org.spongepowered.asm.mixin.transformer.Proxy.transform(Proxy.java:72) ~[_MixinBootstrap-1.1.0.jar:?]
	at net.minecraft.launchwrapper.LaunchClassLoader.runTransformers(LaunchClassLoader.java:279) ~[launchwrapper-1.12.jar:?]
	at net.minecraft.launchwrapper.LaunchClassLoader.findClass(LaunchClassLoader.java:176) ~[launchwrapper-1.12.jar:?]
	at java.lang.ClassLoader.loadClass(ClassLoader.java:419) ~[?:1.8.0_242]
	at java.lang.ClassLoader.loadClass(ClassLoader.java:352) ~[?:1.8.0_242]
	at java.lang.Class.forName0(Native Method) ~[?:1.8.0_242]
	at java.lang.Class.forName(Class.java:348) ~[?:1.8.0_242]
	at net.minecraftforge.fml.relauncher.CoreModManager$FMLPluginWrapper.injectIntoClassLoader(CoreModManager.java:157) ~[forge-1.12.2-14.23.5.2855.jar:?]
	... 2 more
[13:52:06] [main/INFO] [STDERR]: [java.lang.ThreadGroup:uncaughtException:1052]: net.minecraftforge.fml.relauncher.FMLSecurityManager$ExitTrappedException
[13:52:06] [main/INFO] [STDERR]: [java.lang.ThreadGroup:uncaughtException:1052]: 	at net.minecraftforge.fml.relauncher.FMLSecurityManager.checkPermission(FMLSecurityManager.java:49)
[13:52:06] [main/INFO] [STDERR]: [java.lang.ThreadGroup:uncaughtException:1052]: 	at java.lang.SecurityManager.checkExit(SecurityManager.java:761)
[13:52:06] [main/INFO] [STDERR]: [java.lang.ThreadGroup:uncaughtException:1052]: 	at java.lang.Runtime.exit(Runtime.java:108)
[13:52:06] [main/INFO] [STDERR]: [java.lang.ThreadGroup:uncaughtException:1052]: 	at java.lang.System.exit(System.java:973)
[13:52:06] [main/INFO] [STDERR]: [java.lang.ThreadGroup:uncaughtException:1052]: 	at net.minecraft.launchwrapper.Launch.launch(Launch.java:138)
[13:52:06] [main/INFO] [STDERR]: [java.lang.ThreadGroup:uncaughtException:1052]: 	at net.minecraft.launchwrapper.Launch.main(Launch.java:28)
